[2015.10.12-14.20.48:776][  0]Log file open, 10/12/15 23:20:48
[2015.10.12-14.20.48:776][  0]LogInit:Display: Running engine for game: sinkhole
[2015.10.12-14.20.48:776][  0]LogInit:Display: RandInit(-485131895) SRandInit(-485131894).
[2015.10.12-14.20.48:776][  0]LogTaskGraph: Started task graph with 4 named threads and 5 total threads.
[2015.10.12-14.20.48:776][  0]LogStats: Stats thread started at 0.096422
[2015.10.12-14.20.48:776][  0]LogInit: Version: 4.9.2-2707645+++depot+UE4-Releases+4.9
[2015.10.12-14.20.48:776][  0]LogInit: API Version: 2672455
[2015.10.12-14.20.48:776][  0]LogInit: Compiled (64-bit): Sep 28 2015 10:25:44
[2015.10.12-14.20.48:776][  0]LogInit: Compiled with Visual C++: 18.00.21005.01
[2015.10.12-14.20.48:776][  0]LogInit: Build Configuration: Development
[2015.10.12-14.20.48:776][  0]LogInit: Branch Name: ++depot+UE4-Releases+4.9
[2015.10.12-14.20.48:776][  0]LogInit: Command line:  /Temp/Autosaves/Game/LV/UEDPCLV_Main -game -PIEVIACONSOLE -ResX=1280 -ResY=720  -Multiprocess 
[2015.10.12-14.20.48:776][  0]LogInit: Base directory: C:/Program Files/Epic Games/4.9/Engine/Binaries/Win64/
[2015.10.12-14.20.48:776][  0]LogInit: Rocket: 1
[2015.10.12-14.20.48:785][  0]LogInit: Using libcurl 7.41.0
[2015.10.12-14.20.48:785][  0]LogInit:  - built for x86_64-pc-win32
[2015.10.12-14.20.48:785][  0]LogInit:  - supports SSL with WinSSL
[2015.10.12-14.20.48:785][  0]LogInit:  - other features:
[2015.10.12-14.20.48:785][  0]LogInit:      CURL_VERSION_SSL
[2015.10.12-14.20.48:785][  0]LogInit:      CURL_VERSION_IPV6
[2015.10.12-14.20.48:785][  0]LogInit:      CURL_VERSION_ASYNCHDNS
[2015.10.12-14.20.48:785][  0]LogInit:      CURL_VERSION_LARGEFILE
[2015.10.12-14.20.48:785][  0]LogInit:      CURL_VERSION_IDN
[2015.10.12-14.20.48:785][  0]LogInit:  CurlRequestOptions (configurable via config and command line):
[2015.10.12-14.20.48:785][  0]LogInit:  - bVerifyPeer = true  - Libcurl will verify peer certificate
[2015.10.12-14.20.48:785][  0]LogInit:  - bUseHttpProxy = false  - Libcurl will NOT use HTTP proxy
[2015.10.12-14.20.48:785][  0]LogInit:  - bDontReuseConnections = false  - Libcurl will reuse connections
[2015.10.12-14.20.48:785][  0]LogInit:  - CertBundlePath = nullptr  - Libcurl will use whatever was configured at build time.
[2015.10.12-14.20.48:792][  0]LogInit: Presizing for 0 objects not considered by GC, pre-allocating 0 bytes.
[2015.10.12-14.20.48:799][  0]LogInit: Object subsystem initialized
[2015.10.12-14.20.48:801][  0]LogInit: Selected Device Profile: [Windows]
[2015.10.12-14.20.48:801][  0]LogInit: Applying CVar settings loaded from the selected device profile: [Windows]
[2015.10.12-14.20.48:803][  0]LogInit: Computer: 귤맘
[2015.10.12-14.20.48:803][  0]LogInit: User: 귤
[2015.10.12-14.20.48:803][  0]LogInit: CPU Page size=4096, Cores=2
[2015.10.12-14.20.48:803][  0]LogInit: High frequency timer resolution =2.922937 MHz
[2015.10.12-14.20.48:803][  0]LogMemory: Memory total: Physical=7.9GB (8GB approx)
[2015.10.12-14.20.48:803][  0]LogMemory: Platform Memory Stats for Windows
[2015.10.12-14.20.48:803][  0]LogMemory: Process Physical Memory: 51.96 MB used, 51.96 MB peak
[2015.10.12-14.20.48:803][  0]LogMemory: Process Virtual Memory: 56.86 MB used, 56.86 MB peak
[2015.10.12-14.20.48:803][  0]LogMemory: Physical Memory: 4392.66 MB used, 8111.70 MB total
[2015.10.12-14.20.48:803][  0]LogMemory: Virtual Memory: 346.31 MB used, 134217728.00 MB total
[2015.10.12-14.20.48:837][  0]LogTextLocalizationManager: No specific translations for ('ko-KR') exist, so ('ko') translations will be used.
[2015.10.12-14.20.48:895][  0]LogTextLocalizationManager:Warning: Loaded localization resources contain conflicting entries for (Namespace:UObjectToolTips, Key:AnimNode_AssetPlayerBase:InternalTimeAccumulator):
Localization Resource: (C:/Program Files/Epic Games/4.9/Engine/Content/Localization/EditorTutorials/ko/EditorTutorials.locres) Source String Hash: (502993589) Localized String: (이 노드에서 애셋을 레퍼런싱하는 데 사용되는 누적 시간입니다.)
Localization Resource: (C:/Program Files/Epic Games/4.9/Engine/Content/Localization/Engine/ko/Engine.locres) Source String Hash: (502993589) Localized String: (이 노드에서 애셋을 레퍼런싱하는 데 사용된 누적 시간입니다.)
[2015.10.12-14.20.48:895][  0]LogTextLocalizationManager:Warning: Loaded localization resources contain conflicting entries for (Namespace:UObjectToolTips, Key:AnimNode_AssetPlayerBase:bIgnoreForRelevancyTest):
Localization Resource: (C:/Program Files/Epic Games/4.9/Engine/Content/Localization/EditorTutorials/ko/EditorTutorials.locres) Source String Hash: (319969718) Localized String: (True 면, 스테이트에서 최고 가중치 애니메이션을 찾는 "Relevant anim" 노드는 이 노드를 무시합니다.
 )
Localization Resource: (C:/Program Files/Epic Games/4.9/Engine/Content/Localization/Engine/ko/Engine.locres) Source String Hash: (319969718) Localized String: (True 면 스테이트 내 최고 웨이팅된 애니메이션을 찾는 "Relevant anim" 노드가 무시됩니다.
 )
[2015.10.12-14.20.48:895][  0]LogTextLocalizationManager:Warning: Loaded localization resources contain conflicting entries for (Namespace:UObjectToolTips, Key:AnimNode_AssetPlayerBase:BlendWeight):
Localization Resource: (C:/Program Files/Epic Games/4.9/Engine/Content/Localization/EditorTutorials/ko/EditorTutorials.locres) Source String Hash: (-1232800293) Localized String: (이 노드에 마지막 걸린 블렌드웨이트 입니다.)
Localization Resource: (C:/Program Files/Epic Games/4.9/Engine/Content/Localization/Engine/ko/Engine.locres) Source String Hash: (-1232800293) Localized String: (이 노드에 대해 마지막 접한 블렌드 웨이트)
[2015.10.12-14.20.49:034][  0]LogD3D11RHI: Found D3D11 adapter 0: NVIDIA GeForce GT 625 (OEM) (Feature Level 11_0)
[2015.10.12-14.20.49:034][  0]LogD3D11RHI: Adapter has 971MB of dedicated video memory, 0MB of dedicated system memory, and 3071MB of shared system memory, 1 output[s]
[2015.10.12-14.20.49:039][  0]LogD3D11RHI: Found D3D11 adapter 1: Intel(R) HD Graphics (Feature Level 11_0)
[2015.10.12-14.20.49:039][  0]LogD3D11RHI: Adapter has 0MB of dedicated video memory, 0MB of dedicated system memory, and 1792MB of shared system memory, 0 output[s]
[2015.10.12-14.20.49:040][  0]LogD3D11RHI: Found D3D11 adapter 2: Microsoft Basic Render Driver (Feature Level 11_0)
[2015.10.12-14.20.49:040][  0]LogD3D11RHI: Adapter has 0MB of dedicated video memory, 0MB of dedicated system memory, and 256MB of shared system memory, 0 output[s]
[2015.10.12-14.20.49:040][  0]LogD3D11RHI: Chosen D3D11 Adapter Id = 0
[2015.10.12-14.20.49:045][  0]LogD3D11RHI: !Direct3DDevice
[2015.10.12-14.20.49:045][  0]LogRHI: Texture pool is 680 MB (70% of 971 MB)
[2015.10.12-14.20.49:050][  0]LogD3D11RHI: Async texture creation enabled
[2015.10.12-14.20.49:061][  0]LogShaderCompilers: Guid format shader working directory is 15 characters bigger than the processId version (../../../../../../Users/귤/Documents/GitHub/sinkhole/unreal/sinkhole/Intermediate/Shaders/WorkingDirectory/1332/).
[2015.10.12-14.20.49:061][  0]LogShaderCompilers: Cleaned the shader compiler working directory '../../../../../../Users/귤/Documents/GitHub/sinkhole/unreal/sinkhole/Intermediate/Shaders/tmp/CFEF6A9F45A8BDBBEACEC99E8AAFB978/'.
[2015.10.12-14.20.49:061][  0]LogShaderCompilers:Display: Using Local Shader Compiler.
[2015.10.12-14.20.50:142][  0]LogTemp:Display: Loaded TP AllDesktopTargetPlatform
[2015.10.12-14.20.50:148][  0]LogTemp:Display: Loaded TP WindowsClientTargetPlatform
[2015.10.12-14.20.50:154][  0]LogTemp:Display: Loaded TP WindowsNoEditorTargetPlatform
[2015.10.12-14.20.50:160][  0]LogTemp:Display: Loaded TP WindowsServerTargetPlatform
[2015.10.12-14.20.50:165][  0]LogTemp:Display: Loaded TP WindowsTargetPlatform
[2015.10.12-14.20.50:169][  0]LogTemp:Display: Loaded TP AndroidTargetPlatform
[2015.10.12-14.20.50:173][  0]LogTemp:Display: Loaded TP Android_ASTCTargetPlatform
[2015.10.12-14.20.50:177][  0]LogTemp:Display: Loaded TP Android_ATCTargetPlatform
[2015.10.12-14.20.50:181][  0]LogTemp:Display: Loaded TP Android_DXTTargetPlatform
[2015.10.12-14.20.50:185][  0]LogTemp:Display: Loaded TP Android_ETC1TargetPlatform
[2015.10.12-14.20.50:189][  0]LogTemp:Display: Loaded TP Android_ETC2TargetPlatform
[2015.10.12-14.20.50:194][  0]LogTemp:Display: Loaded TP Android_PVRTCTargetPlatform
[2015.10.12-14.20.50:194][  0]LogTemp:Display: Loaded TP HTML5TargetPlatform
[2015.10.12-14.20.50:212][  0]LogTemp:Display: Loaded TP IOSTargetPlatform
[2015.10.12-14.20.50:215][  0]LogTemp:Display: Loaded TP LinuxNoEditorTargetPlatform
[2015.10.12-14.20.50:219][  0]LogTemp:Display: Loaded TP LinuxServerTargetPlatform
[2015.10.12-14.20.50:223][  0]LogTemp:Display: Loaded TP LinuxTargetPlatform
[2015.10.12-14.20.50:223][  0]LogTargetPlatformManager:Display: Building Assets For Windows
[2015.10.12-14.20.50:310][  0]LogDerivedDataCache:Display: Max Cache Size: 512 MB
[2015.10.12-14.20.50:376][  0]LogDerivedDataCache: Loaded boot cache 0.07s 41MB C:/Users/귤/AppData/Local/UnrealEngine/4.9/DerivedDataCache/Boot.ddc.
[2015.10.12-14.20.50:376][  0]LogDerivedDataCache:Display: Loaded Boot cache: C:/Users/귤/AppData/Local/UnrealEngine/4.9/DerivedDataCache/Boot.ddc
[2015.10.12-14.20.50:376][  0]LogDerivedDataCache: FDerivedDataBackendGraph:  Pak pak cache file ../../../../../../Users/귤/Documents/GitHub/sinkhole/unreal/sinkhole/DerivedDataCache/DDC.ddp not found, will not use a pak cache.
[2015.10.12-14.20.50:377][  0]LogDerivedDataCache: Unable to find inner node Pak for hierarchical cache Hierarchy.
[2015.10.12-14.20.50:377][  0]LogDerivedDataCache: FDerivedDataBackendGraph:  CompressedPak pak cache file ../../../../../../Users/귤/Documents/GitHub/sinkhole/unreal/sinkhole/DerivedDataCache/Compressed.ddp not found, will not use a pak cache.
[2015.10.12-14.20.50:377][  0]LogDerivedDataCache: Unable to find inner node CompressedPak for hierarchical cache Hierarchy.
[2015.10.12-14.20.50:520][  0]LogDerivedDataCache:Display: Pak cache opened for reading ../../../Engine/DerivedDataCache/Compressed.ddp.
[2015.10.12-14.20.50:532][  0]LogDerivedDataCache: Using Local data cache path C:/Users/귤/AppData/Local/UnrealEngine/Common/DerivedDataCache: Writable
[2015.10.12-14.20.50:719][  0]LogInit: Selected Device Profile: [Windows]
[2015.10.12-14.20.50:722][  0]LogContentStreaming: Texture pool size is 1000.000000MB
[2015.10.12-14.20.50:847][  0]LogMeshUtilities: No automatic mesh reduction module available
[2015.10.12-14.20.50:847][  0]LogMeshUtilities: No automatic mesh merging module available
[2015.10.12-14.20.51:095][  0]LogInit: WinSock: version 1.1 (2.2), MaxSocks=32767, MaxUdp=65467
[2015.10.12-14.20.51:409][  0]LogWindowsMoviePlayer: Unable to load movie: ../../../../../../Users/귤/Documents/GitHub/sinkhole/unreal/sinkhole/Content/Movies/Default_Startup.mp4
[2015.10.12-14.20.51:547][  0]SourceControl: 정보 소스 콘트롤이 꺼졌습니다.
[2015.10.12-14.20.51:547][  0]SourceControl: 정보 소스 콘트롤이 꺼졌습니다.
[2015.10.12-14.20.51:558][  0]SourceControl: 정보 소스 콘트롤이 꺼졌습니다.
[2015.10.12-14.20.51:641][  0]LogLinker:Warning: Asset '../../../Engine/Plugins/Runtime/LeapMotionController/Content/LM_PassthroughMaterial.uasset' has been saved with empty engine version. The asset will be loaded but may be incompatible.
[2015.10.12-14.20.51:737][  0]LogObj: 27669 objects as part of root set at end of initial load.
[2015.10.12-14.20.51:737][  0]LogUObjectAllocator: 5775696 out of 0 bytes used by permanent object pool.
[2015.10.12-14.20.51:833][  0]LogEngine: Initializing Engine...
[2015.10.12-14.20.51:836][  0]LogHMD: Can't find Oculus library dev build: is proper Runtime installed? Version: 0.7.0.0
[2015.10.12-14.20.51:836][  0]LogHMD: SteamVR failed to initialize.  Err: 110
[2015.10.12-14.20.51:965][  0]LogInit: XAudio2 using 'Speakers(Realtek High Definition Audio)' : 2 channels at 48 kHz using 32 bits per sample (channel mask 0x3)
[2015.10.12-14.20.51:982][  0]LogInit: FAudioDevice initialized.
[2015.10.12-14.20.51:987][  0]LogInit: Texture streaming: Enabled
[2015.10.12-14.20.52:144][  0]LogNet: Browse: /Temp/Autosaves/Game/LV/UEDPCLV_Main?Name=Player
[2015.10.12-14.20.52:166][  0]LogLoad: LoadMap: /Temp/Autosaves/Game/LV/UEDPCLV_Main?Name=Player
[2015.10.12-14.20.52:184][  0]LogParticles: Destroying 0 GPU particle simulations for FXSystem 0x000000A0136CA160
[2015.10.12-14.20.52:199][  0]LogMemory: Platform Memory Stats for Windows
[2015.10.12-14.20.52:199][  0]LogMemory: Process Physical Memory: 334.60 MB used, 336.18 MB peak
[2015.10.12-14.20.52:199][  0]LogMemory: Process Virtual Memory: 316.31 MB used, 326.22 MB peak
[2015.10.12-14.20.52:199][  0]LogMemory: Physical Memory: 4625.23 MB used, 8111.70 MB total
[2015.10.12-14.20.52:199][  0]LogMemory: Virtual Memory: 840.27 MB used, 134217728.00 MB total
[2015.10.12-14.20.52:199][  0]LogMemory: 
[2015.10.12-14.20.52:199][  0]Allocator Stats for TBB: (not implemented)
[2015.10.12-14.20.52:404][  0]LogLinker:Warning: Asset '../../../../../../Users/귤/Documents/GitHub/sinkhole/unreal/sinkhole/Content/Materials/PP_Outliner_Inst.uasset' has been saved with empty engine version. The asset will be loaded but may be incompatible.
[2015.10.12-14.20.52:486][  0]LogLinker:Warning: Asset '../../../../../../Users/귤/Documents/GitHub/sinkhole/unreal/sinkhole/Content/Materials/PP_Outliner_M.uasset' has been saved with empty engine version. The asset will be loaded but may be incompatible.
[2015.10.12-14.20.52:520][  0]LogLinker:Warning: Asset '../../../../../../Users/귤/Documents/GitHub/sinkhole/unreal/sinkhole/Content/Materials/MF_ConvolveTexture.uasset' has been saved with empty engine version. The asset will be loaded but may be incompatible.
[2015.10.12-14.20.52:523][  0]LogLinker:Warning: Asset '../../../../../../Users/귤/Documents/GitHub/sinkhole/unreal/sinkhole/Content/Materials/MF_SampleSceneTextureNeighbourUVs.uasset' has been saved with empty engine version. The asset will be loaded but may be incompatible.
[2015.10.12-14.20.52:525][  0]LogLinker:Warning: Asset '../../../../../../Users/귤/Documents/GitHub/sinkhole/unreal/sinkhole/Content/Materials/MF_ExtractDepth.uasset' has been saved with empty engine version. The asset will be loaded but may be incompatible.
[2015.10.12-14.20.52:668][  0]LogAIModule: Creating AISystem for world LV_Main
[2015.10.12-14.20.52:668][  0]LogWorld: Game class is 'GameMode'
[2015.10.12-14.20.52:670][  0]LogPhysics:Warning: AddConvexElemsToRigidActor: ConvexElem is missing ConvexMesh (0: /Game/Architecture/place.place:BodySetup_2)
[2015.10.12-14.20.52:673][  0]LogWorld: Bringing World /Temp/Autosaves/Game/LV/UEDPCLV_Main.LV_Main up for play (max tick rate 0) at 2015.10.12-23.20.52
[2015.10.12-14.20.52:674][  0]LogWorld: Bringing up level for play took: 0.004876
[2015.10.12-14.20.52:675][  0]LogInit:Display: Game Engine Initialized.
[2015.10.12-14.20.52:896][  0]LogLoad: Full Startup: 4.68 seconds (BP compile: 0.10 seconds)
[2015.10.12-14.20.52:925][  0]LogWindowsTextInputMethodSystem:Display: IME system now activated using TSF (Microsoft 입력기).
[2015.10.12-14.20.53:032][  2]LogRenderer: Reallocating scene render targets to support 1280x720 (Frame:2).
[2015.10.12-14.22.45:033][803]Closing by request
[2015.10.12-14.22.45:053][803]LogWindows: FPlatformMisc::RequestExit(0)
[2015.10.12-14.22.46:023][804]LogWindowsTextInputMethodSystem:Display: IME system now activated using TSF (Microsoft 입력기).
[2015.10.12-14.22.46:053][804]LogExit: Preparing to exit.
[2015.10.12-14.22.46:350][804]LogExit: Game engine shut down
[2015.10.12-14.22.46:378][804]LogParticles: Destroying 0 GPU particle simulations for FXSystem 0x000000A005EB04A0
[2015.10.12-14.22.46:999][804]LogExit: Object subsystem successfully closed.
[2015.10.12-14.22.47:165][804]LogD3D11RHI: Shutdown
[2015.10.12-14.22.47:165][804]LogD3D11RHI: CleanupD3DDevice
[2015.10.12-14.22.47:260][804]LogD3D11RHI: ~FD3D11DynamicRHI
[2015.10.12-14.22.47:492][804]LogModuleManager: Shutting down and abandoning module AndroidDeviceDetection (115)
[2015.10.12-14.22.48:039][804]LogModuleManager: Shutting down and abandoning module AutomationController (114)
[2015.10.12-14.22.48:039][804]LogModuleManager: Shutting down and abandoning module AutomationWorker (113)
[2015.10.12-14.22.48:039][804]LogModuleManager: Shutting down and abandoning module CharacterAI (112)
[2015.10.12-14.22.48:039][804]LogModuleManager: Shutting down and abandoning module AITestSuite (111)
[2015.10.12-14.22.48:039][804]LogModuleManager: Shutting down and abandoning module GameplayDebugger (110)
[2015.10.12-14.22.48:039][804]LogModuleManager: Shutting down and abandoning module AIModule (109)
[2015.10.12-14.22.48:039][804]LogModuleManager: Shutting down and abandoning module GameLiveStreaming (108)
[2015.10.12-14.22.48:049][804]LogModuleManager: Shutting down and abandoning module StreamingPauseRendering (107)
[2015.10.12-14.22.48:049][804]LogModuleManager: Shutting down and abandoning module ProfilerService (106)
[2015.10.12-14.22.48:085][804]LogModuleManager: Shutting down and abandoning module TaskGraph (105)
[2015.10.12-14.22.48:093][804]LogModuleManager: Shutting down and abandoning module SlateRemote (104)
[2015.10.12-14.22.48:093][804]LogModuleManager: Shutting down and abandoning module SteamVRController (103)
[2015.10.12-14.22.48:093][804]LogModuleManager: Shutting down and abandoning module SteamVR (102)
[2015.10.12-14.22.48:093][804]LogModuleManager: Shutting down and abandoning module ProceduralMeshComponent (101)
[2015.10.12-14.22.48:093][804]LogModuleManager: Shutting down and abandoning module OculusRift (100)
[2015.10.12-14.22.48:093][804]LogModuleManager: Shutting down and abandoning module OculusLibrary (99)
[2015.10.12-14.22.48:093][804]LogModuleManager: Shutting down and abandoning module LeapMotionController (98)
[2015.10.12-14.22.48:122][804]LogModuleManager: Shutting down and abandoning module CustomMeshComponent (97)
[2015.10.12-14.22.48:122][804]LogModuleManager: Shutting down and abandoning module CableComponent (96)
[2015.10.12-14.22.48:122][804]LogModuleManager: Shutting down and abandoning module ArchVisCharacter (95)
[2015.10.12-14.22.48:122][804]LogModuleManager: Shutting down and abandoning module HTML5Networking (94)
[2015.10.12-14.22.48:122][804]LogModuleManager: Shutting down and abandoning module DesktopPlatform (93)
[2015.10.12-14.22.48:122][804]LogModuleManager: Shutting down and abandoning module DirectoryWatcher (92)
[2015.10.12-14.22.48:122][804]LogModuleManager: Shutting down and abandoning module HotReload (91)
[2015.10.12-14.22.48:123][804]LogModuleManager: Shutting down and abandoning module VisualStudioSourceCodeAccess (90)
[2015.10.12-14.22.48:123][804]LogModuleManager: Shutting down and abandoning module UObjectPlugin (89)
[2015.10.12-14.22.48:123][804]LogModuleManager: Shutting down and abandoning module SubversionSourceControl (88)
[2015.10.12-14.22.48:123][804]LogModuleManager: Shutting down and abandoning module SourceControl (87)
[2015.10.12-14.22.48:123][804]LogModuleManager: Shutting down and abandoning module PerforceSourceControl (86)
[2015.10.12-14.22.48:123][804]LogModuleManager: Shutting down and abandoning module UdpMessaging (85)
[2015.10.12-14.22.48:123][804]LogModuleManager: Shutting down and abandoning module LightPropagationVolumeRuntime (84)
[2015.10.12-14.22.48:123][804]LogModuleManager: Shutting down and abandoning module Paper2D (83)
[2015.10.12-14.22.48:138][804]LogModuleManager: Shutting down and abandoning module WindowsMoviePlayer (82)
[2015.10.12-14.22.48:141][804]LogModuleManager: Shutting down and abandoning module Media (81)
[2015.10.12-14.22.48:141][804]LogModuleManager: Shutting down and abandoning module WmfMedia (80)
[2015.10.12-14.22.48:141][804]LogModuleManager: Shutting down and abandoning module OnlineBlueprintSupport (79)
[2015.10.12-14.22.48:141][804]LogModuleManager: Shutting down and abandoning module GameplayTasksEditor (78)
[2015.10.12-14.22.48:141][804]LogModuleManager: Shutting down and abandoning module PropertyEditor (77)
[2015.10.12-14.22.48:141][804]LogModuleManager: Shutting down and abandoning module BehaviorTreeEditor (76)
[2015.10.12-14.22.48:142][804]LogModuleManager: Shutting down and abandoning module FunctionalTesting (75)
[2015.10.12-14.22.48:142][804]LogModuleManager: Shutting down and abandoning module CollisionAnalyzer (74)
[2015.10.12-14.22.48:142][804]LogModuleManager: Shutting down and abandoning module WorkspaceMenuStructure (73)
[2015.10.12-14.22.48:142][804]LogModuleManager: Shutting down and abandoning module MessageLog (72)
[2015.10.12-14.22.48:142][804]LogModuleManager: Shutting down and abandoning module Sequencer (71)
[2015.10.12-14.22.48:152][804]LogModuleManager: Shutting down and abandoning module AssetTools (70)
[2015.10.12-14.22.48:156][804]LogModuleManager: Shutting down and abandoning module UMGEditor (69)
[2015.10.12-14.22.48:163][804]LogModuleManager: Shutting down and abandoning module UMG (68)
[2015.10.12-14.22.48:163][804]LogModuleManager: Shutting down and abandoning module Slate (67)
[2015.10.12-14.22.48:163][804]LogModuleManager: Shutting down and abandoning module EditorStyle (66)
[2015.10.12-14.22.48:165][804]LogModuleManager: Shutting down and abandoning module SessionServices (65)
[2015.10.12-14.22.48:165][804]LogModuleManager: Shutting down and abandoning module SourceCodeAccess (64)
[2015.10.12-14.22.48:165][804]LogModuleManager: Shutting down and abandoning module HeadMountedDisplay (63)
[2015.10.12-14.22.48:165][804]LogModuleManager: Shutting down and abandoning module XAudio2 (62)
[2015.10.12-14.22.48:165][804]LogModuleManager: Shutting down and abandoning module Networking (60)
[2015.10.12-14.22.48:165][804]LogModuleManager: Shutting down and abandoning module Core (59)
[2015.10.12-14.22.48:165][804]LogModuleManager: Shutting down and abandoning module KismetCompiler (58)
[2015.10.12-14.22.48:165][804]LogModuleManager: Shutting down and abandoning module PhysXFormats (57)
[2015.10.12-14.22.48:165][804]LogModuleManager: Shutting down and abandoning module MeshUtilities (56)
[2015.10.12-14.22.48:170][804]LogModuleManager: Shutting down and abandoning module CookingStats (55)
[2015.10.12-14.22.48:170][804]LogModuleManager: Shutting down and abandoning module DerivedDataCache (54)
[2015.10.12-14.22.48:625][804]LogDerivedDataCache: Shutdown
[2015.10.12-14.22.48:625][804]LogModuleManager: Shutting down and abandoning module ShaderFormatOpenGL (53)
[2015.10.12-14.22.48:635][804]LogModuleManager: Shutting down and abandoning module ShaderFormatD3D (52)
[2015.10.12-14.22.48:635][804]LogModuleManager: Shutting down and abandoning module MetalShaderFormat (51)
[2015.10.12-14.22.48:644][804]LogModuleManager: Shutting down and abandoning module TextureFormatUncompressed (50)
[2015.10.12-14.22.48:644][804]LogModuleManager: Shutting down and abandoning module TextureFormatPVR (49)
[2015.10.12-14.22.48:644][804]LogModuleManager: Shutting down and abandoning module TextureFormatIntelISPCTexComp (48)
[2015.10.12-14.22.48:644][804]LogModuleManager: Shutting down and abandoning module TextureFormatDXT (47)
[2015.10.12-14.22.48:644][804]LogModuleManager: Shutting down and abandoning module ImageWrapper (46)
[2015.10.12-14.22.48:644][804]LogModuleManager: Shutting down and abandoning module TextureFormatASTC (45)
[2015.10.12-14.22.48:644][804]LogModuleManager: Shutting down and abandoning module TextureFormatAndroid (44)
[2015.10.12-14.22.48:644][804]LogModuleManager: Shutting down and abandoning module AudioFormatOpus (43)
[2015.10.12-14.22.48:652][804]LogModuleManager: Shutting down and abandoning module AudioFormatOgg (42)
[2015.10.12-14.22.48:652][804]LogModuleManager: Shutting down and abandoning module AudioFormatADPCM (41)
[2015.10.12-14.22.48:652][804]LogModuleManager: Shutting down and abandoning module LinuxTargetPlatform (40)
[2015.10.12-14.22.48:652][804]LogModuleManager: Shutting down and abandoning module LinuxServerTargetPlatform (39)
[2015.10.12-14.22.48:652][804]LogModuleManager: Shutting down and abandoning module LinuxNoEditorTargetPlatform (38)
[2015.10.12-14.22.48:652][804]LogModuleManager: Shutting down and abandoning module Messaging (37)
[2015.10.12-14.22.48:652][804]LogModuleManager: Shutting down and abandoning module IOSTargetPlatform (36)
[2015.10.12-14.22.48:652][804]LogModuleManager: Shutting down and abandoning module HTML5TargetPlatform (35)
[2015.10.12-14.22.48:652][804]LogModuleManager: Shutting down and abandoning module Android_PVRTCTargetPlatform (34)
[2015.10.12-14.22.48:665][804]LogModuleManager: Shutting down and abandoning module Android_ETC2TargetPlatform (33)
[2015.10.12-14.22.48:667][804]LogModuleManager: Shutting down and abandoning module Android_ETC1TargetPlatform (32)
[2015.10.12-14.22.48:675][804]LogModuleManager: Shutting down and abandoning module Android_DXTTargetPlatform (31)
[2015.10.12-14.22.48:681][804]LogModuleManager: Shutting down and abandoning module Android_ATCTargetPlatform (30)
[2015.10.12-14.22.48:689][804]LogModuleManager: Shutting down and abandoning module Android_ASTCTargetPlatform (29)
[2015.10.12-14.22.48:689][804]LogModuleManager: Shutting down and abandoning module AndroidTargetPlatform (28)
[2015.10.12-14.22.48:694][804]LogModuleManager: Shutting down and abandoning module WindowsTargetPlatform (27)
[2015.10.12-14.22.48:694][804]LogModuleManager: Shutting down and abandoning module WindowsServerTargetPlatform (26)
[2015.10.12-14.22.48:702][804]LogModuleManager: Shutting down and abandoning module WindowsNoEditorTargetPlatform (25)
[2015.10.12-14.22.48:708][804]LogModuleManager: Shutting down and abandoning module WindowsClientTargetPlatform (24)
[2015.10.12-14.22.48:712][804]LogModuleManager: Shutting down and abandoning module AllDesktopTargetPlatform (23)
[2015.10.12-14.22.48:712][804]LogModuleManager: Shutting down and abandoning module TargetPlatform (22)
[2015.10.12-14.22.48:712][804]LogModuleManager: Shutting down and abandoning module InputCore (21)
[2015.10.12-14.22.48:712][804]LogModuleManager: Shutting down and abandoning module Settings (20)
[2015.10.12-14.22.48:712][804]LogModuleManager: Shutting down and abandoning module OnlineSubsystem (18)
[2015.10.12-14.22.48:712][804]LogModuleManager: Shutting down and abandoning module HTTP (17)
[2015.10.12-14.22.48:712][804]LogModuleManager: Shutting down and abandoning module XMPP (16)
[2015.10.12-14.22.48:737][804]LogModuleManager: Shutting down and abandoning module ExampleDeviceProfileSelector (15)
[2015.10.12-14.22.48:737][804]LogModuleManager: Shutting down and abandoning module TextureCompressor (14)
[2015.10.12-14.22.48:737][804]LogModuleManager: Shutting down and abandoning module ShaderCore (13)
[2015.10.12-14.22.48:737][804]LogModuleManager: Shutting down and abandoning module Landscape (12)
[2015.10.12-14.22.48:737][804]LogModuleManager: Shutting down and abandoning module SlateRHIRenderer (11)
[2015.10.12-14.22.48:758][804]LogModuleManager: Shutting down and abandoning module OpenGLDrv (10)
[2015.10.12-14.22.48:769][804]LogModuleManager: Shutting down and abandoning module D3D11RHI (9)
[2015.10.12-14.22.48:769][804]LogModuleManager: Shutting down and abandoning module AnimGraphRuntime (8)
[2015.10.12-14.22.48:769][804]LogModuleManager: Shutting down and abandoning module Renderer (7)
[2015.10.12-14.22.48:769][804]LogModuleManager: Shutting down and abandoning module Engine (6)
[2015.10.12-14.22.48:769][804]LogModuleManager: Shutting down and abandoning module CoreUObject (5)
[2015.10.12-14.22.48:769][804]LogModuleManager: Shutting down and abandoning module NetworkFile (4)
[2015.10.12-14.22.48:781][804]LogModuleManager: Shutting down and abandoning module StreamingFile (3)
[2015.10.12-14.22.48:781][804]LogModuleManager: Shutting down and abandoning module SandboxFile (2)
[2015.10.12-14.22.48:781][804]LogModuleManager: Shutting down and abandoning module PakFile (1)
[2015.10.12-14.22.48:792][804]LogExit: Exiting.
[2015.10.12-14.22.48:801][804]Log file closed, 10/12/15 23:22:48
