[2016.02.23-07.22.37:249][  0]Log file open, 02/23/16 16:22:37
[2016.02.23-07.22.37:249][  0]LogInit:Display: Running engine for game: sinkhole
[2016.02.23-07.22.37:249][  0]LogInit:Display: RandInit(-1991971048) SRandInit(-1991971047).
[2016.02.23-07.22.37:249][  0]LogTaskGraph: Started task graph with 4 named threads and 7 total threads.
[2016.02.23-07.22.37:249][  0]LogStats: Stats thread started at 0.067884
[2016.02.23-07.22.37:249][  0]LogInit: Version: 4.9.2-2707645+++depot+UE4-Releases+4.9
[2016.02.23-07.22.37:249][  0]LogInit: API Version: 2672455
[2016.02.23-07.22.37:249][  0]LogInit: Compiled (64-bit): Sep 28 2015 10:25:44
[2016.02.23-07.22.37:249][  0]LogInit: Compiled with Visual C++: 18.00.21005.01
[2016.02.23-07.22.37:249][  0]LogInit: Build Configuration: Development
[2016.02.23-07.22.37:249][  0]LogInit: Branch Name: ++depot+UE4-Releases+4.9
[2016.02.23-07.22.37:249][  0]LogInit: Command line:  
[2016.02.23-07.22.37:249][  0]LogInit: Base directory: C:/Program Files (x86)/Epic Games/4.9/Engine/Binaries/Win64/
[2016.02.23-07.22.37:249][  0]LogInit: Rocket: 1
[2016.02.23-07.22.37:257][  0]LogInit: Using libcurl 7.41.0
[2016.02.23-07.22.37:257][  0]LogInit:  - built for x86_64-pc-win32
[2016.02.23-07.22.37:257][  0]LogInit:  - supports SSL with WinSSL
[2016.02.23-07.22.37:257][  0]LogInit:  - other features:
[2016.02.23-07.22.37:257][  0]LogInit:      CURL_VERSION_SSL
[2016.02.23-07.22.37:257][  0]LogInit:      CURL_VERSION_IPV6
[2016.02.23-07.22.37:257][  0]LogInit:      CURL_VERSION_ASYNCHDNS
[2016.02.23-07.22.37:257][  0]LogInit:      CURL_VERSION_LARGEFILE
[2016.02.23-07.22.37:257][  0]LogInit:      CURL_VERSION_IDN
[2016.02.23-07.22.37:257][  0]LogInit:  CurlRequestOptions (configurable via config and command line):
[2016.02.23-07.22.37:257][  0]LogInit:  - bVerifyPeer = true  - Libcurl will verify peer certificate
[2016.02.23-07.22.37:257][  0]LogInit:  - bUseHttpProxy = false  - Libcurl will NOT use HTTP proxy
[2016.02.23-07.22.37:257][  0]LogInit:  - bDontReuseConnections = false  - Libcurl will reuse connections
[2016.02.23-07.22.37:257][  0]LogInit:  - CertBundlePath = nullptr  - Libcurl will use whatever was configured at build time.
[2016.02.23-07.22.37:263][  0]LogInit: Presizing for 0 objects not considered by GC, pre-allocating 0 bytes.
[2016.02.23-07.22.37:268][  0]LogInit: Object subsystem initialized
[2016.02.23-07.22.37:269][  0]LogInit: Selected Device Profile: [Windows]
[2016.02.23-07.22.37:269][  0]LogInit: Applying CVar settings loaded from the selected device profile: [Windows]
[2016.02.23-07.22.37:283][  0]LogInit: Computer: DESKTOP-70OGJMP
[2016.02.23-07.22.37:283][  0]LogInit: User: Dongryong
[2016.02.23-07.22.37:283][  0]LogInit: CPU Page size=4096, Cores=4
[2016.02.23-07.22.37:283][  0]LogInit: High frequency timer resolution =3.328126 MHz
[2016.02.23-07.22.37:283][  0]LogMemory: Memory total: Physical=7.9GB (8GB approx)
[2016.02.23-07.22.37:283][  0]LogMemory: Platform Memory Stats for Windows
[2016.02.23-07.22.37:283][  0]LogMemory: Process Physical Memory: 54.18 MB used, 54.18 MB peak
[2016.02.23-07.22.37:283][  0]LogMemory: Process Virtual Memory: 55.30 MB used, 55.30 MB peak
[2016.02.23-07.22.37:283][  0]LogMemory: Physical Memory: 1781.69 MB used, 8128.42 MB total
[2016.02.23-07.22.37:283][  0]LogMemory: Virtual Memory: 368.30 MB used, 134217728.00 MB total
[2016.02.23-07.22.37:364][  0]LogTextLocalizationManager: No specific translations for ('ko-KR') exist, so ('ko') translations will be used.
[2016.02.23-07.22.37:419][  0]LogTextLocalizationManager:Warning: Loaded localization resources contain conflicting entries for (Namespace:UObjectToolTips, Key:AnimNode_AssetPlayerBase:InternalTimeAccumulator):
Localization Resource: (C:/Program Files (x86)/Epic Games/4.9/Engine/Content/Localization/EditorTutorials/ko/EditorTutorials.locres) Source String Hash: (502993589) Localized String: (이 노드에서 애셋을 레퍼런싱하는 데 사용되는 누적 시간입니다.)
Localization Resource: (C:/Program Files (x86)/Epic Games/4.9/Engine/Content/Localization/Engine/ko/Engine.locres) Source String Hash: (502993589) Localized String: (이 노드에서 애셋을 레퍼런싱하는 데 사용된 누적 시간입니다.)
[2016.02.23-07.22.37:419][  0]LogTextLocalizationManager:Warning: Loaded localization resources contain conflicting entries for (Namespace:UObjectToolTips, Key:AnimNode_AssetPlayerBase:bIgnoreForRelevancyTest):
Localization Resource: (C:/Program Files (x86)/Epic Games/4.9/Engine/Content/Localization/EditorTutorials/ko/EditorTutorials.locres) Source String Hash: (319969718) Localized String: (True 면, 스테이트에서 최고 가중치 애니메이션을 찾는 "Relevant anim" 노드는 이 노드를 무시합니다.
 )
Localization Resource: (C:/Program Files (x86)/Epic Games/4.9/Engine/Content/Localization/Engine/ko/Engine.locres) Source String Hash: (319969718) Localized String: (True 면 스테이트 내 최고 웨이팅된 애니메이션을 찾는 "Relevant anim" 노드가 무시됩니다.
 )
[2016.02.23-07.22.37:419][  0]LogTextLocalizationManager:Warning: Loaded localization resources contain conflicting entries for (Namespace:UObjectToolTips, Key:AnimNode_AssetPlayerBase:BlendWeight):
Localization Resource: (C:/Program Files (x86)/Epic Games/4.9/Engine/Content/Localization/EditorTutorials/ko/EditorTutorials.locres) Source String Hash: (-1232800293) Localized String: (이 노드에 마지막 걸린 블렌드웨이트 입니다.)
Localization Resource: (C:/Program Files (x86)/Epic Games/4.9/Engine/Content/Localization/Engine/ko/Engine.locres) Source String Hash: (-1232800293) Localized String: (이 노드에 대해 마지막 접한 블렌드 웨이트)
[2016.02.23-07.22.37:636][  0]LogD3D11RHI: Found D3D11 adapter 0: NVIDIA GeForce GTX 970 (Feature Level 11_0)
[2016.02.23-07.22.37:636][  0]LogD3D11RHI: Adapter has 4007MB of dedicated video memory, 0MB of dedicated system memory, and 4064MB of shared system memory, 2 output[s]
[2016.02.23-07.22.37:637][  0]LogD3D11RHI: Found D3D11 adapter 1: Microsoft Basic Render Driver (Feature Level 11_0)
[2016.02.23-07.22.37:637][  0]LogD3D11RHI: Adapter has 0MB of dedicated video memory, 0MB of dedicated system memory, and 4064MB of shared system memory, 0 output[s]
[2016.02.23-07.22.37:637][  0]LogD3D11RHI: Chosen D3D11 Adapter Id = 0
[2016.02.23-07.22.37:640][  0]LogD3D11RHI: !Direct3DDevice
[2016.02.23-07.22.37:640][  0]LogRHI: Texture pool is 1361 MB (70% of 1945 MB)
[2016.02.23-07.22.37:651][  0]LogD3D11RHI: Async texture creation enabled
[2016.02.23-07.22.37:667][  0]LogShaderCompilers: Guid format shader working directory is 15 characters bigger than the processId version (../../../../../../Users/Dongryong/Documents/Unreal Projects/sinkhole/Intermediate/Shaders/WorkingDirectory/2240/).
[2016.02.23-07.22.37:667][  0]LogShaderCompilers: Cleaned the shader compiler working directory '../../../../../../Users/Dongryong/Documents/Unreal Projects/sinkhole/Intermediate/Shaders/tmp/6BC48E714C0208B83CAA1288D5ECD7E1/'.
[2016.02.23-07.22.37:667][  0]LogShaderCompilers:Display: Using Local Shader Compiler.
[2016.02.23-07.22.38:949][  0]LogTemp:Display: Loaded TP AllDesktopTargetPlatform
[2016.02.23-07.22.38:954][  0]LogTemp:Display: Loaded TP WindowsClientTargetPlatform
[2016.02.23-07.22.38:959][  0]LogTemp:Display: Loaded TP WindowsNoEditorTargetPlatform
[2016.02.23-07.22.38:963][  0]LogTemp:Display: Loaded TP WindowsServerTargetPlatform
[2016.02.23-07.22.38:968][  0]LogTemp:Display: Loaded TP WindowsTargetPlatform
[2016.02.23-07.22.38:973][  0]LogTemp:Display: Loaded TP AndroidTargetPlatform
[2016.02.23-07.22.38:976][  0]LogTemp:Display: Loaded TP Android_ASTCTargetPlatform
[2016.02.23-07.22.38:979][  0]LogTemp:Display: Loaded TP Android_ATCTargetPlatform
[2016.02.23-07.22.38:982][  0]LogTemp:Display: Loaded TP Android_DXTTargetPlatform
[2016.02.23-07.22.38:984][  0]LogTemp:Display: Loaded TP Android_ETC1TargetPlatform
[2016.02.23-07.22.38:987][  0]LogTemp:Display: Loaded TP Android_ETC2TargetPlatform
[2016.02.23-07.22.38:990][  0]LogTemp:Display: Loaded TP Android_PVRTCTargetPlatform
[2016.02.23-07.22.38:991][  0]LogTemp:Display: Loaded TP HTML5TargetPlatform
[2016.02.23-07.22.39:009][  0]LogTemp:Display: Loaded TP IOSTargetPlatform
[2016.02.23-07.22.39:011][  0]LogTemp:Display: Loaded TP LinuxNoEditorTargetPlatform
[2016.02.23-07.22.39:014][  0]LogTemp:Display: Loaded TP LinuxServerTargetPlatform
[2016.02.23-07.22.39:019][  0]LogTemp:Display: Loaded TP LinuxTargetPlatform
[2016.02.23-07.22.39:019][  0]LogTargetPlatformManager:Display: Building Assets For Windows
[2016.02.23-07.22.39:086][  0]LogDerivedDataCache:Display: Max Cache Size: 512 MB
[2016.02.23-07.22.39:261][  0]LogDerivedDataCache: Loaded boot cache 0.17s 41MB C:/Users/Dongryong/AppData/Local/UnrealEngine/4.9/DerivedDataCache/Boot.ddc.
[2016.02.23-07.22.39:261][  0]LogDerivedDataCache:Display: Loaded Boot cache: C:/Users/Dongryong/AppData/Local/UnrealEngine/4.9/DerivedDataCache/Boot.ddc
[2016.02.23-07.22.39:261][  0]LogDerivedDataCache: FDerivedDataBackendGraph:  Pak pak cache file ../../../../../../Users/Dongryong/Documents/Unreal Projects/sinkhole/DerivedDataCache/DDC.ddp not found, will not use a pak cache.
[2016.02.23-07.22.39:261][  0]LogDerivedDataCache: Unable to find inner node Pak for hierarchical cache Hierarchy.
[2016.02.23-07.22.39:261][  0]LogDerivedDataCache: FDerivedDataBackendGraph:  CompressedPak pak cache file ../../../../../../Users/Dongryong/Documents/Unreal Projects/sinkhole/DerivedDataCache/Compressed.ddp not found, will not use a pak cache.
[2016.02.23-07.22.39:261][  0]LogDerivedDataCache: Unable to find inner node CompressedPak for hierarchical cache Hierarchy.
[2016.02.23-07.22.39:385][  0]LogDerivedDataCache:Display: Pak cache opened for reading ../../../Engine/DerivedDataCache/Compressed.ddp.
[2016.02.23-07.22.39:397][  0]LogDerivedDataCache: Using Local data cache path C:/Users/Dongryong/AppData/Local/UnrealEngine/Common/DerivedDataCache: Writable
[2016.02.23-07.22.40:497][  0]LogInit: Selected Device Profile: [Windows]
[2016.02.23-07.22.40:499][  0]LogContentStreaming: Texture pool size is 0.000000MB
[2016.02.23-07.22.40:598][  0]LogMeshUtilities: No automatic mesh reduction module available
[2016.02.23-07.22.40:598][  0]LogMeshUtilities: No automatic mesh merging module available
[2016.02.23-07.22.40:810][  0]LogInit: WinSock: version 1.1 (2.2), MaxSocks=32767, MaxUdp=65467
[2016.02.23-07.22.42:408][  0]UdpMessaging: Initializing bridge on interface 0.0.0.0:0 to multicast group 230.0.0.1:6666.
[2016.02.23-07.22.42:530][  0]LogAssetRegistry: FAssetRegistry took 0.0109 seconds to start up
[2016.02.23-07.22.42:680][  0]SourceControl: 정보 소스 콘트롤이 꺼졌습니다.
[2016.02.23-07.22.42:681][  0]SourceControl: 정보 소스 콘트롤이 꺼졌습니다.
[2016.02.23-07.22.42:692][  0]SourceControl: 정보 소스 콘트롤이 꺼졌습니다.
[2016.02.23-07.22.42:702][  0]SourceControl: 정보 소스 콘트롤이 꺼졌습니다.
[2016.02.23-07.22.42:867][  0]LogLinker:Warning: Asset '../../../Engine/Plugins/Runtime/LeapMotionController/Content/LM_PassthroughMaterial.uasset' has been saved with empty engine version. The asset will be loaded but may be incompatible.
[2016.02.23-07.22.42:931][  0]LogObj: 28361 objects as part of root set at end of initial load.
[2016.02.23-07.22.42:931][  0]LogUObjectAllocator: 6038864 out of 0 bytes used by permanent object pool.
[2016.02.23-07.22.42:987][  0]LogEngine: Initializing Engine...
[2016.02.23-07.22.42:990][  0]LogHMD: Can't find Oculus library dev build: is proper Runtime installed? Version: 0.7.0.0
[2016.02.23-07.22.43:005][  0]LogHMD: SteamVR failed to initialize.  Err: 110
[2016.02.23-07.22.43:104][  0]LogAIModule: Creating AISystem for world NewWorld
[2016.02.23-07.22.43:110][  0]LogInit: XAudio2 using '헤드폰(High Definition Audio 장치)' : 2 channels at 44.1 kHz using 16 bits per sample (channel mask 0x3)
[2016.02.23-07.22.43:116][  0]LogInit: FAudioDevice initialized.
[2016.02.23-07.22.43:139][  0]LogDerivedDataCache: Saved boot cache 0.02s 41MB C:/Users/Dongryong/AppData/Local/UnrealEngine/4.9/DerivedDataCache/Boot.ddc.
[2016.02.23-07.22.43:143][  0]LogInit: Texture streaming: Enabled
[2016.02.23-07.22.43:149][  0]LogAnalytics: Creating configured Analytics provider AnalyticsET
[2016.02.23-07.22.43:149][  0]LogAnalytics: [UEEditor.Rocket.Release] APIServer = http://et2.epicgames.com/ET2/. AppVersion = 4.9.2-2707645+++depot+UE4-Releases+4.9
[2016.02.23-07.22.43:149][  0]LogAnalytics: [UEEditor.Rocket.Release] SetUserId 97934eac4ce13756478434a4035092bd|ec8005ed97f24ee4b5ae2bc5abfe5161|de49a48b-df9f-4826-ad95-f3e39209a164
[2016.02.23-07.22.43:149][  0]LogAnalytics: [UEEditor.Rocket.Release] AnalyticsET::StartSession
[2016.02.23-07.22.43:158][  0]LogWindowsTextInputMethodSystem:Display: IME system now activated using TSF (Microsoft 입력기).
[2016.02.23-07.22.43:195][  0]LogInit: Transaction tracking system initialized
[2016.02.23-07.22.43:296][  0]BlueprintLog: New page: 에디터 로드
[2016.02.23-07.22.43:375][  0]LocalizationService: 정보 현지화 서비스가 비활성화되었습니다.
[2016.02.23-07.22.43:456][  0]LogConsoleResponse:Display: 
[2016.02.23-07.22.43:560][  0]LogCook:Display: Done creating registry. It took  0.00s.
[2016.02.23-07.22.43:622][  0]LogFileCache: Scanning file cache for directory 'C:/Users/Dongryong/Documents/Unreal Projects/sinkhole/Content/' took 0.02s
[2016.02.23-07.22.43:622][  0]SourceControl: 정보 소스 콘트롤이 꺼졌습니다.
[2016.02.23-07.22.43:622][  0]Cmd: MAP LOAD FILE="../../../Engine/Content/Maps/Templates/Template_Default.umap" TEMPLATE=1 SHOWPROGRESS=1 FEATURELEVEL=3
[2016.02.23-07.22.43:626][  0]LightingResults: New page: 라이팅 빌드
[2016.02.23-07.22.43:629][  0]MapCheck: New page: 맵 체크
[2016.02.23-07.22.43:629][  0]LightingResults: New page: 라이팅 빌드
[2016.02.23-07.22.43:640][  0]LogParticles: Destroying 0 GPU particle simulations for FXSystem 0x0000016932C963E0
[2016.02.23-07.22.44:179][  0]LogAIModule: Creating AISystem for world Untitled_1
[2016.02.23-07.22.44:184][  0]LogEditorServer: Finished looking for orphan Actors (0.000 secs)
[2016.02.23-07.22.44:189][  0]Cmd: MAP CHECKDEP NOCLEARLOG
[2016.02.23-07.22.44:231][  0]MapCheck: 정보 맵 체크 완료: 오류 0 회, 경고 0 회, 소요 시간 42.192ms.
[2016.02.23-07.22.44:231][  0]LogFileHelpers: Loading map 'Template_Default' took 0.609
[2016.02.23-07.22.44:339][  0]LogCollectionManager: Loaded 0 collections in 0.001925 seconds
[2016.02.23-07.22.44:378][  0]LogFileCache: Scanning file cache for directory 'C:/Users/Dongryong/Documents/Unreal Projects/sinkhole/Saved/Collections/' took 0.01s
[2016.02.23-07.22.44:378][  0]LogFileCache: Scanning file cache for directory 'C:/Users/Dongryong/Documents/Unreal Projects/sinkhole/Content/Developers/Dongryong/Collections/' took 0.01s
[2016.02.23-07.22.44:378][  0]LogFileCache: Scanning file cache for directory 'C:/Users/Dongryong/Documents/Unreal Projects/sinkhole/Content/Collections/' took 0.01s
[2016.02.23-07.22.44:378][  0]LogContentBrowser: Native class hierarchy populated in 0.0066 seconds. Added 1868 classes and 336 folders.
[2016.02.23-07.22.44:386][  0]LogCollectionManager: Rebuilt the GUID cache for 0 collections in 0.000002 seconds
[2016.02.23-07.22.44:392][  0]LogContentBrowser: Native class hierarchy updated for 'WidgetCarousel' in 0.0002 seconds. Added 0 classes and 0 folders.
[2016.02.23-07.22.44:622][  0]LogContentBrowser: Native class hierarchy updated for 'AddContentDialog' in 0.0002 seconds. Added 0 classes and 0 folders.
[2016.02.23-07.22.44:626][  0]LogContentBrowser: Native class hierarchy updated for 'SceneOutliner' in 0.0002 seconds. Added 1 classes and 2 folders.
[2016.02.23-07.22.44:701][  0]LogCrashTracker: Crashtracker disabled due to settings.
[2016.02.23-07.22.44:706][  0]LogUObjectGlobals:Warning: 'Class 없음.' 오브젝트를 찾는 데 실패했습니다.
[2016.02.23-07.22.44:728][  0]LogLoad: Full Startup: 8.08 seconds (BP compile: 0.05 seconds)
[2016.02.23-07.22.45:067][  0]LogContentStreaming: Texture pool size now 1000 MB
[2016.02.23-07.22.45:221][  0]LogRenderer: Reallocating scene render targets to support 1020x704 (Frame:2).
[2016.02.23-07.22.45:451][  2]LogAssetRegistry: Asset discovery search completed in 2.9317 seconds
[2016.02.23-07.22.45:451][  2]LogCollectionManager: Rebuilt the object cache for 0 collections in 0.000000 seconds (found 0 objects)
[2016.02.23-07.22.45:451][  2]LogCollectionManager: Fixed up redirectors for 0 collections in 0.000014 seconds (updated 0 objects)
[2016.02.23-07.22.57:207][231]LogAIModule: Creating AISystem for world CreateMap
[2016.02.23-07.22.57:260][231]Cmd: MAP LOAD FILE="../../../../../../Users/Dongryong/Documents/Unreal Projects/sinkhole/Content/FirstPersonBP/Maps/CreateMap.umap" TEMPLATE=0 SHOWPROGRESS=1 FEATURELEVEL=3
[2016.02.23-07.22.57:260][231]LightingResults: New page: 라이팅 빌드
[2016.02.23-07.22.57:273][231]LoadErrors: New page: 맵 로드중: CreateMap.umap
[2016.02.23-07.22.57:273][231]MapCheck: New page: 맵 체크
[2016.02.23-07.22.57:273][231]LightingResults: New page: 라이팅 빌드
[2016.02.23-07.22.57:282][231]LogParticles: Destroying 0 GPU particle simulations for FXSystem 0x0000016929C6F740
[2016.02.23-07.22.57:334][231]LogEditorServer: Finished looking for orphan Actors (0.000 secs)
[2016.02.23-07.22.57:358][231]Cmd: MAP CHECKDEP NOCLEARLOG
[2016.02.23-07.22.57:418][231]MapCheck: 정보 맵 체크 완료: 오류 0 회, 경고 0 회, 소요 시간 58.77ms.
[2016.02.23-07.22.57:418][231]LogFileHelpers: Loading map 'CreateMap' took 0.158
[2016.02.23-07.32.10:295][111]LogWindowsTextInputMethodSystem:Display: IME system now activated using TSF (Microsoft 입력기).
[2016.02.23-07.32.10:417][112]Cmd: QUIT_EDITOR
[2016.02.23-07.32.10:622][112]LogExit: Preparing to exit.
[2016.02.23-07.32.11:665][112]LogExit: Editor shut down
[2016.02.23-07.32.11:665][112]LogExit: Transaction tracking system shut down
[2016.02.23-07.32.11:666][112]LogParticles: Destroying 0 GPU particle simulations for FXSystem 0x000001693F8A7880
[2016.02.23-07.32.11:671][112]LogParticles: Destroying 0 GPU particle simulations for FXSystem 0x000001692893D620
[2016.02.23-07.32.11:828][112]LogExit: Object subsystem successfully closed.
[2016.02.23-07.32.11:843][112]LogD3D11RHI: Shutdown
[2016.02.23-07.32.11:843][112]LogD3D11RHI: CleanupD3DDevice
[2016.02.23-07.32.11:921][112]LogD3D11RHI: ~FD3D11DynamicRHI
[2016.02.23-07.32.11:957][112]LogModuleManager: Shutting down and abandoning module CrashTracker (198)
[2016.02.23-07.32.11:957][112]LogModuleManager: Shutting down and abandoning module SceneOutliner (197)
[2016.02.23-07.32.11:957][112]LogModuleManager: Shutting down and abandoning module SuperSearch (196)
[2016.02.23-07.32.11:957][112]LogModuleManager: Shutting down and abandoning module WidgetCarousel (195)
[2016.02.23-07.32.11:957][112]LogModuleManager: Shutting down and abandoning module AddContentDialog (194)
[2016.02.23-07.32.11:958][112]LogModuleManager: Shutting down and abandoning module EditorWidgets (193)
[2016.02.23-07.32.11:958][112]LogModuleManager: Shutting down and abandoning module CollectionManager (192)
[2016.02.23-07.32.11:959][112]LogModuleManager: Shutting down and abandoning module WorldBrowser (191)
[2016.02.23-07.32.11:959][112]LogModuleManager: Shutting down and abandoning module StatsViewer (190)
[2016.02.23-07.32.11:960][112]LogModuleManager: Shutting down and abandoning module FoliageEdit (189)
[2016.02.23-07.32.11:960][112]LogModuleManager: Shutting down and abandoning module LandscapeEditor (188)
[2016.02.23-07.32.11:962][112]LogModuleManager: Shutting down and abandoning module ActorPickerMode (187)
[2016.02.23-07.32.11:962][112]LogModuleManager: Shutting down and abandoning module GeometryMode (186)
[2016.02.23-07.32.11:962][112]LogModuleManager: Shutting down and abandoning module TextureAlignMode (185)
[2016.02.23-07.32.11:962][112]LogModuleManager: Shutting down and abandoning module BspMode (184)
[2016.02.23-07.32.11:962][112]LogModuleManager: Shutting down and abandoning module PlacementMode (183)
[2016.02.23-07.32.11:962][112]LogModuleManager: Shutting down and abandoning module AutomationWorker (182)
[2016.02.23-07.32.11:962][112]LogModuleManager: Shutting down and abandoning module CharacterAI (181)
[2016.02.23-07.32.11:962][112]LogModuleManager: Shutting down and abandoning module SmartSnapping (180)
[2016.02.23-07.32.11:962][112]LogModuleManager: Shutting down and abandoning module ViewportSnapping (179)
[2016.02.23-07.32.11:962][112]LogModuleManager: Shutting down and abandoning module LogVisualizer (178)
[2016.02.23-07.32.11:963][112]LogModuleManager: Shutting down and abandoning module GameProjectGeneration (177)
[2016.02.23-07.32.11:964][112]LogModuleManager: Shutting down and abandoning module IntroTutorials (176)
[2016.02.23-07.32.11:964][112]LogModuleManager: Shutting down and abandoning module EditorLiveStreaming (175)
[2016.02.23-07.32.11:964][112]LogModuleManager: Shutting down and abandoning module IOSPlatformEditor (174)
[2016.02.23-07.32.11:965][112]LogModuleManager: Shutting down and abandoning module HTML5PlatformEditor (173)
[2016.02.23-07.32.11:965][112]LogModuleManager: Shutting down and abandoning module AndroidDeviceDetection (172)
[2016.02.23-07.32.12:581][112]LogModuleManager: Shutting down and abandoning module AndroidPlatformEditor (171)
[2016.02.23-07.32.12:581][112]LogModuleManager: Shutting down and abandoning module IOSRuntimeSettings (170)
[2016.02.23-07.32.12:581][112]LogModuleManager: Shutting down and abandoning module AndroidRuntimeSettings (169)
[2016.02.23-07.32.12:581][112]LogModuleManager: Shutting down and abandoning module MergeActors (168)
[2016.02.23-07.32.12:583][112]LogModuleManager: Shutting down and abandoning module SizeMap (167)
[2016.02.23-07.32.12:583][112]LogModuleManager: Shutting down and abandoning module TreeMap (166)
[2016.02.23-07.32.12:583][112]LogModuleManager: Shutting down and abandoning module ReferenceViewer (165)
[2016.02.23-07.32.12:583][112]LogModuleManager: Shutting down and abandoning module LocalizationService (164)
[2016.02.23-07.32.12:584][112]LogModuleManager: Shutting down and abandoning module LocalizationDashboard (163)
[2016.02.23-07.32.12:585][112]LogModuleManager: Shutting down and abandoning module HardwareTargeting (162)
[2016.02.23-07.32.12:585][112]LogModuleManager: Shutting down and abandoning module DeviceProfileEditor (161)
[2016.02.23-07.32.12:585][112]LogModuleManager: Shutting down and abandoning module UndoHistory (160)
[2016.02.23-07.32.12:585][112]LogModuleManager: Shutting down and abandoning module GameplayTagsEditor (159)
[2016.02.23-07.32.12:585][112]LogModuleManager: Shutting down and abandoning module UserFeedback (158)
[2016.02.23-07.32.12:585][112]LogModuleManager: Shutting down and abandoning module XmlParser (157)
[2016.02.23-07.32.12:585][112]LogModuleManager: Shutting down and abandoning module Blutility (156)
[2016.02.23-07.32.12:585][112]LogModuleManager: Shutting down and abandoning module ProjectTargetPlatformEditor (155)
[2016.02.23-07.32.12:586][112]LogModuleManager: Shutting down and abandoning module ProjectSettingsViewer (154)
[2016.02.23-07.32.12:586][112]LogModuleManager: Shutting down and abandoning module InputBindingEditor (153)
[2016.02.23-07.32.12:586][112]LogModuleManager: Shutting down and abandoning module EditorSettingsViewer (152)
[2016.02.23-07.32.12:586][112]LogModuleManager: Shutting down and abandoning module SettingsEditor (151)
[2016.02.23-07.32.12:588][112]LogModuleManager: Shutting down and abandoning module ProjectLauncher (150)
[2016.02.23-07.32.12:589][112]LogModuleManager: Shutting down and abandoning module SessionFrontend (149)
[2016.02.23-07.32.12:589][112]LogModuleManager: Shutting down and abandoning module ProfilerClient (148)
[2016.02.23-07.32.12:590][112]LogModuleManager: Shutting down and abandoning module TargetDeviceServices (147)
[2016.02.23-07.32.12:590][112]LogModuleManager: Shutting down and abandoning module DeviceManager (146)
[2016.02.23-07.32.12:591][112]LogModuleManager: Shutting down and abandoning module AutomationController (145)
[2016.02.23-07.32.12:592][112]LogModuleManager: Shutting down and abandoning module AutomationWindow (144)
[2016.02.23-07.32.12:592][112]LogModuleManager: Shutting down and abandoning module Layers (143)
[2016.02.23-07.32.12:595][112]LogModuleManager: Shutting down and abandoning module ComponentVisualizers (142)
[2016.02.23-07.32.12:595][112]LogModuleManager: Shutting down and abandoning module DetailCustomizations (141)
[2016.02.23-07.32.12:596][112]LogModuleManager: Shutting down and abandoning module PackagesDialog (140)
[2016.02.23-07.32.12:596][112]LogModuleManager: Shutting down and abandoning module Persona (139)
[2016.02.23-07.32.12:597][112]LogModuleManager: Shutting down and abandoning module Kismet (138)
[2016.02.23-07.32.12:598][112]LogModuleManager: Shutting down and abandoning module GraphEditor (137)
[2016.02.23-07.32.12:601][112]LogModuleManager: Shutting down and abandoning module ClassViewer (136)
[2016.02.23-07.32.12:602][112]LogModuleManager: Shutting down and abandoning module Toolbox (135)
[2016.02.23-07.32.12:602][112]LogModuleManager: Shutting down and abandoning module ModuleUI (134)
[2016.02.23-07.32.12:602][112]LogModuleManager: Shutting down and abandoning module MovieSceneTools (133)
[2016.02.23-07.32.12:602][112]LogModuleManager: Shutting down and abandoning module OutputLog (132)
[2016.02.23-07.32.12:603][112]LogModuleManager: Shutting down and abandoning module GammaUI (131)
[2016.02.23-07.32.12:603][112]LogModuleManager: Shutting down and abandoning module Documentation (130)
[2016.02.23-07.32.12:603][112]LogModuleManager: Shutting down and abandoning module GameLiveStreaming (129)
[2016.02.23-07.32.12:604][112]LogModuleManager: Shutting down and abandoning module StreamingPauseRendering (128)
[2016.02.23-07.32.12:604][112]LogModuleManager: Shutting down and abandoning module AnalyticsET (127)
[2016.02.23-07.32.12:604][112]LogModuleManager: Shutting down and abandoning module Analytics (126)
[2016.02.23-07.32.12:604][112]LogModuleManager: Shutting down and abandoning module AITestSuite (125)
[2016.02.23-07.32.12:604][112]LogModuleManager: Shutting down and abandoning module GameplayDebugger (124)
[2016.02.23-07.32.12:604][112]LogModuleManager: Shutting down and abandoning module AIModule (123)
[2016.02.23-07.32.12:604][112]LogModuleManager: Shutting down and abandoning module ProfilerService (122)
[2016.02.23-07.32.12:810][112]LogModuleManager: Shutting down and abandoning module TaskGraph (121)
[2016.02.23-07.32.12:812][112]LogModuleManager: Shutting down and abandoning module SlateRemote (120)
[2016.02.23-07.32.12:812][112]LogModuleManager: Shutting down and abandoning module SteamVRController (119)
[2016.02.23-07.32.12:812][112]LogModuleManager: Shutting down and abandoning module SteamVR (118)
[2016.02.23-07.32.12:812][112]LogModuleManager: Shutting down and abandoning module ProceduralMeshComponent (117)
[2016.02.23-07.32.12:812][112]LogModuleManager: Shutting down and abandoning module OculusRift (116)
[2016.02.23-07.32.12:812][112]LogModuleManager: Shutting down and abandoning module OculusLibrary (115)
[2016.02.23-07.32.12:812][112]LogModuleManager: Shutting down and abandoning module LeapMotionController (114)
[2016.02.23-07.32.12:821][112]LogModuleManager: Shutting down and abandoning module CustomMeshComponent (113)
[2016.02.23-07.32.12:822][112]LogModuleManager: Shutting down and abandoning module CableComponent (112)
[2016.02.23-07.32.12:822][112]LogModuleManager: Shutting down and abandoning module ArchVisCharacter (111)
[2016.02.23-07.32.12:822][112]LogModuleManager: Shutting down and abandoning module MessagingDebugger (110)
[2016.02.23-07.32.12:823][112]LogModuleManager: Shutting down and abandoning module MediaPlayerEditor (109)
[2016.02.23-07.32.12:825][112]LogModuleManager: Shutting down and abandoning module HTML5Networking (108)
[2016.02.23-07.32.12:825][112]LogModuleManager: Shutting down and abandoning module SpeedTreeImporter (107)
[2016.02.23-07.32.12:825][112]LogModuleManager: Shutting down and abandoning module PluginBrowser (106)
[2016.02.23-07.32.12:825][112]LogModuleManager: Shutting down and abandoning module EpicSurvey (105)
[2016.02.23-07.32.12:825][112]LogModuleManager: Shutting down and abandoning module DesktopPlatform (104)
[2016.02.23-07.32.12:825][112]LogModuleManager: Shutting down and abandoning module VisualStudioSourceCodeAccess (103)
[2016.02.23-07.32.12:825][112]LogModuleManager: Shutting down and abandoning module UObjectPlugin (102)
[2016.02.23-07.32.12:825][112]LogModuleManager: Shutting down and abandoning module SubversionSourceControl (101)
[2016.02.23-07.32.12:827][112]LogModuleManager: Shutting down and abandoning module PerforceSourceControl (100)
[2016.02.23-07.32.12:828][112]LogModuleManager: Shutting down and abandoning module SourceControl (99)
[2016.02.23-07.32.12:828][112]LogModuleManager: Shutting down and abandoning module GitSourceControl (98)
[2016.02.23-07.32.12:829][112]LogModuleManager: Shutting down and abandoning module LightPropagationVolumeEditor (97)
[2016.02.23-07.32.12:829][112]LogModuleManager: Shutting down and abandoning module PaperTiledImporter (96)
[2016.02.23-07.32.12:829][112]LogModuleManager: Shutting down and abandoning module PaperSpriteSheetImporter (95)
[2016.02.23-07.32.12:829][112]LogModuleManager: Shutting down and abandoning module MeshPaint (94)
[2016.02.23-07.32.12:830][112]LogModuleManager: Shutting down and abandoning module SlateReflector (93)
[2016.02.23-07.32.12:830][112]LogModuleManager: Shutting down and abandoning module HotReload (92)
[2016.02.23-07.32.12:831][112]LogModuleManager: Shutting down and abandoning module MainFrame (91)
[2016.02.23-07.32.12:831][112]LogModuleManager: Shutting down and abandoning module LevelEditor (90)
[2016.02.23-07.32.12:832][112]LogModuleManager: Shutting down and abandoning module DirectoryWatcher (89)
[2016.02.23-07.32.12:833][112]LogModuleManager: Shutting down and abandoning module AssetRegistry (88)
[2016.02.23-07.32.12:957][112]LogModuleManager: Shutting down and abandoning module ContentBrowser (87)
[2016.02.23-07.32.12:958][112]LogModuleManager: Shutting down and abandoning module Paper2DEditor (86)
[2016.02.23-07.32.12:959][112]LogModuleManager: Shutting down and abandoning module UdpMessaging (85)
[2016.02.23-07.32.13:061][112]LogModuleManager: Shutting down and abandoning module LightPropagationVolumeRuntime (84)
[2016.02.23-07.32.13:061][112]LogModuleManager: Shutting down and abandoning module Paper2D (83)
[2016.02.23-07.32.13:061][112]LogModuleManager: Shutting down and abandoning module WindowsMoviePlayer (82)
[2016.02.23-07.32.13:068][112]LogModuleManager: Shutting down and abandoning module Media (81)
[2016.02.23-07.32.13:068][112]LogModuleManager: Shutting down and abandoning module WmfMedia (80)
[2016.02.23-07.32.13:068][112]LogModuleManager: Shutting down and abandoning module OnlineBlueprintSupport (79)
[2016.02.23-07.32.13:069][112]LogModuleManager: Shutting down and abandoning module GameplayTasksEditor (78)
[2016.02.23-07.32.13:069][112]LogModuleManager: Shutting down and abandoning module PropertyEditor (77)
[2016.02.23-07.32.13:069][112]LogModuleManager: Shutting down and abandoning module BehaviorTreeEditor (76)
[2016.02.23-07.32.13:070][112]LogModuleManager: Shutting down and abandoning module FunctionalTesting (75)
[2016.02.23-07.32.13:070][112]LogModuleManager: Shutting down and abandoning module CollisionAnalyzer (74)
[2016.02.23-07.32.13:071][112]LogModuleManager: Shutting down and abandoning module WorkspaceMenuStructure (73)
[2016.02.23-07.32.13:071][112]LogModuleManager: Shutting down and abandoning module MessageLog (72)
[2016.02.23-07.32.13:071][112]LogModuleManager: Shutting down and abandoning module Sequencer (71)
[2016.02.23-07.32.13:072][112]LogModuleManager: Shutting down and abandoning module AssetTools (70)
[2016.02.23-07.32.13:072][112]LogModuleManager: Shutting down and abandoning module UMGEditor (69)
[2016.02.23-07.32.13:073][112]LogModuleManager: Shutting down and abandoning module UMG (68)
[2016.02.23-07.32.13:074][112]LogModuleManager: Shutting down and abandoning module Slate (67)
[2016.02.23-07.32.13:074][112]LogModuleManager: Shutting down and abandoning module EditorStyle (66)
[2016.02.23-07.32.13:077][112]LogModuleManager: Shutting down and abandoning module SessionServices (65)
[2016.02.23-07.32.13:077][112]LogModuleManager: Shutting down and abandoning module SourceCodeAccess (64)
[2016.02.23-07.32.13:077][112]LogModuleManager: Shutting down and abandoning module HeadMountedDisplay (63)
[2016.02.23-07.32.13:077][112]LogModuleManager: Shutting down and abandoning module XAudio2 (62)
[2016.02.23-07.32.13:077][112]LogModuleManager: Shutting down and abandoning module Networking (60)
[2016.02.23-07.32.13:077][112]LogModuleManager: Shutting down and abandoning module Core (59)
[2016.02.23-07.32.13:077][112]LogModuleManager: Shutting down and abandoning module KismetCompiler (58)
[2016.02.23-07.32.13:077][112]LogModuleManager: Shutting down and abandoning module PhysXFormats (57)
[2016.02.23-07.32.13:078][112]LogModuleManager: Shutting down and abandoning module MeshUtilities (56)
[2016.02.23-07.32.13:078][112]LogModuleManager: Shutting down and abandoning module CookingStats (55)
[2016.02.23-07.32.13:082][112]LogModuleManager: Shutting down and abandoning module DerivedDataCache (54)
[2016.02.23-07.32.13:105][112]LogDerivedDataCache: Shutdown
[2016.02.23-07.32.13:105][112]LogModuleManager: Shutting down and abandoning module ShaderFormatOpenGL (53)
[2016.02.23-07.32.13:106][112]LogModuleManager: Shutting down and abandoning module ShaderFormatD3D (52)
[2016.02.23-07.32.13:106][112]LogModuleManager: Shutting down and abandoning module MetalShaderFormat (51)
[2016.02.23-07.32.13:106][112]LogModuleManager: Shutting down and abandoning module TextureFormatUncompressed (50)
[2016.02.23-07.32.13:106][112]LogModuleManager: Shutting down and abandoning module TextureFormatPVR (49)
[2016.02.23-07.32.13:106][112]LogModuleManager: Shutting down and abandoning module TextureFormatIntelISPCTexComp (48)
[2016.02.23-07.32.13:106][112]LogModuleManager: Shutting down and abandoning module TextureFormatDXT (47)
[2016.02.23-07.32.13:106][112]LogModuleManager: Shutting down and abandoning module ImageWrapper (46)
[2016.02.23-07.32.13:106][112]LogModuleManager: Shutting down and abandoning module TextureFormatASTC (45)
[2016.02.23-07.32.13:106][112]LogModuleManager: Shutting down and abandoning module TextureFormatAndroid (44)
[2016.02.23-07.32.13:106][112]LogModuleManager: Shutting down and abandoning module AudioFormatOpus (43)
[2016.02.23-07.32.13:107][112]LogModuleManager: Shutting down and abandoning module AudioFormatOgg (42)
[2016.02.23-07.32.13:107][112]LogModuleManager: Shutting down and abandoning module AudioFormatADPCM (41)
[2016.02.23-07.32.13:107][112]LogModuleManager: Shutting down and abandoning module LinuxTargetPlatform (40)
[2016.02.23-07.32.13:107][112]LogModuleManager: Shutting down and abandoning module LinuxServerTargetPlatform (39)
[2016.02.23-07.32.13:108][112]LogModuleManager: Shutting down and abandoning module LinuxNoEditorTargetPlatform (38)
[2016.02.23-07.32.13:108][112]LogModuleManager: Shutting down and abandoning module Messaging (37)
[2016.02.23-07.32.13:108][112]LogModuleManager: Shutting down and abandoning module IOSTargetPlatform (36)
[2016.02.23-07.32.13:108][112]LogModuleManager: Shutting down and abandoning module HTML5TargetPlatform (35)
[2016.02.23-07.32.13:108][112]LogModuleManager: Shutting down and abandoning module Android_PVRTCTargetPlatform (34)
[2016.02.23-07.32.13:109][112]LogModuleManager: Shutting down and abandoning module Android_ETC2TargetPlatform (33)
[2016.02.23-07.32.13:109][112]LogModuleManager: Shutting down and abandoning module Android_ETC1TargetPlatform (32)
[2016.02.23-07.32.13:110][112]LogModuleManager: Shutting down and abandoning module Android_DXTTargetPlatform (31)
[2016.02.23-07.32.13:110][112]LogModuleManager: Shutting down and abandoning module Android_ATCTargetPlatform (30)
[2016.02.23-07.32.13:111][112]LogModuleManager: Shutting down and abandoning module Android_ASTCTargetPlatform (29)
[2016.02.23-07.32.13:111][112]LogModuleManager: Shutting down and abandoning module AndroidTargetPlatform (28)
[2016.02.23-07.32.13:112][112]LogModuleManager: Shutting down and abandoning module WindowsTargetPlatform (27)
[2016.02.23-07.32.13:112][112]LogModuleManager: Shutting down and abandoning module WindowsServerTargetPlatform (26)
[2016.02.23-07.32.13:112][112]LogModuleManager: Shutting down and abandoning module WindowsNoEditorTargetPlatform (25)
[2016.02.23-07.32.13:112][112]LogModuleManager: Shutting down and abandoning module WindowsClientTargetPlatform (24)
[2016.02.23-07.32.13:113][112]LogModuleManager: Shutting down and abandoning module AllDesktopTargetPlatform (23)
[2016.02.23-07.32.13:113][112]LogModuleManager: Shutting down and abandoning module TargetPlatform (22)
[2016.02.23-07.32.13:113][112]LogModuleManager: Shutting down and abandoning module InputCore (21)
[2016.02.23-07.32.13:113][112]LogModuleManager: Shutting down and abandoning module Settings (20)
[2016.02.23-07.32.13:113][112]LogModuleManager: Shutting down and abandoning module OnlineSubsystem (18)
[2016.02.23-07.32.13:113][112]LogModuleManager: Shutting down and abandoning module HTTP (17)
[2016.02.23-07.32.15:115][112]LogModuleManager: Shutting down and abandoning module XMPP (16)
[2016.02.23-07.32.15:117][112]LogModuleManager: Shutting down and abandoning module ExampleDeviceProfileSelector (15)
[2016.02.23-07.32.15:117][112]LogModuleManager: Shutting down and abandoning module TextureCompressor (14)
[2016.02.23-07.32.15:117][112]LogModuleManager: Shutting down and abandoning module ShaderCore (13)
[2016.02.23-07.32.15:117][112]LogModuleManager: Shutting down and abandoning module Landscape (12)
[2016.02.23-07.32.15:117][112]LogModuleManager: Shutting down and abandoning module SlateRHIRenderer (11)
[2016.02.23-07.32.15:119][112]LogModuleManager: Shutting down and abandoning module OpenGLDrv (10)
[2016.02.23-07.32.15:119][112]LogModuleManager: Shutting down and abandoning module D3D11RHI (9)
[2016.02.23-07.32.15:119][112]LogModuleManager: Shutting down and abandoning module AnimGraphRuntime (8)
[2016.02.23-07.32.15:119][112]LogModuleManager: Shutting down and abandoning module Renderer (7)
[2016.02.23-07.32.15:119][112]LogModuleManager: Shutting down and abandoning module Engine (6)
[2016.02.23-07.32.15:119][112]LogModuleManager: Shutting down and abandoning module CoreUObject (5)
[2016.02.23-07.32.15:119][112]LogModuleManager: Shutting down and abandoning module NetworkFile (4)
[2016.02.23-07.32.15:120][112]LogModuleManager: Shutting down and abandoning module StreamingFile (3)
[2016.02.23-07.32.15:120][112]LogModuleManager: Shutting down and abandoning module SandboxFile (2)
[2016.02.23-07.32.15:120][112]LogModuleManager: Shutting down and abandoning module PakFile (1)
[2016.02.23-07.32.15:121][112]LogExit: Exiting.
[2016.02.23-07.32.15:134][112]Log file closed, 02/23/16 16:32:15
