[2016.02.23-08.57.02:963][  0]Log file open, 02/23/16 17:57:02
[2016.02.23-08.57.02:963][  0]LogInit:Display: Running engine for game: sinkhole
[2016.02.23-08.57.02:963][  0]LogInit:Display: RandInit(-316309151) SRandInit(-316309151).
[2016.02.23-08.57.02:963][  0]LogTaskGraph: Started task graph with 4 named threads and 7 total threads.
[2016.02.23-08.57.02:963][  0]LogStats: Stats thread started at 0.121449
[2016.02.23-08.57.02:963][  0]LogInit: Version: 4.9.2-2707645+++depot+UE4-Releases+4.9
[2016.02.23-08.57.02:963][  0]LogInit: API Version: 2672455
[2016.02.23-08.57.02:963][  0]LogInit: Compiled (64-bit): Sep 28 2015 10:25:44
[2016.02.23-08.57.02:963][  0]LogInit: Compiled with Visual C++: 18.00.21005.01
[2016.02.23-08.57.02:963][  0]LogInit: Build Configuration: Development
[2016.02.23-08.57.02:963][  0]LogInit: Branch Name: ++depot+UE4-Releases+4.9
[2016.02.23-08.57.02:963][  0]LogInit: Command line:  
[2016.02.23-08.57.02:963][  0]LogInit: Base directory: C:/Program Files (x86)/Epic Games/4.9/Engine/Binaries/Win64/
[2016.02.23-08.57.02:963][  0]LogInit: Rocket: 1
[2016.02.23-08.57.02:988][  0]LogInit: Using libcurl 7.41.0
[2016.02.23-08.57.02:988][  0]LogInit:  - built for x86_64-pc-win32
[2016.02.23-08.57.02:988][  0]LogInit:  - supports SSL with WinSSL
[2016.02.23-08.57.02:988][  0]LogInit:  - other features:
[2016.02.23-08.57.02:988][  0]LogInit:      CURL_VERSION_SSL
[2016.02.23-08.57.02:988][  0]LogInit:      CURL_VERSION_IPV6
[2016.02.23-08.57.02:988][  0]LogInit:      CURL_VERSION_ASYNCHDNS
[2016.02.23-08.57.02:988][  0]LogInit:      CURL_VERSION_LARGEFILE
[2016.02.23-08.57.02:988][  0]LogInit:      CURL_VERSION_IDN
[2016.02.23-08.57.02:988][  0]LogInit:  CurlRequestOptions (configurable via config and command line):
[2016.02.23-08.57.02:988][  0]LogInit:  - bVerifyPeer = true  - Libcurl will verify peer certificate
[2016.02.23-08.57.02:988][  0]LogInit:  - bUseHttpProxy = false  - Libcurl will NOT use HTTP proxy
[2016.02.23-08.57.02:988][  0]LogInit:  - bDontReuseConnections = false  - Libcurl will reuse connections
[2016.02.23-08.57.02:988][  0]LogInit:  - CertBundlePath = nullptr  - Libcurl will use whatever was configured at build time.
[2016.02.23-08.57.03:020][  0]LogInit: Presizing for 0 objects not considered by GC, pre-allocating 0 bytes.
[2016.02.23-08.57.03:026][  0]LogInit: Object subsystem initialized
[2016.02.23-08.57.03:027][  0]LogInit: Selected Device Profile: [Windows]
[2016.02.23-08.57.03:027][  0]LogInit: Applying CVar settings loaded from the selected device profile: [Windows]
[2016.02.23-08.57.03:043][  0]LogInit: Computer: DESKTOP-70OGJMP
[2016.02.23-08.57.03:043][  0]LogInit: User: Dongryong
[2016.02.23-08.57.03:043][  0]LogInit: CPU Page size=4096, Cores=4
[2016.02.23-08.57.03:043][  0]LogInit: High frequency timer resolution =3.328126 MHz
[2016.02.23-08.57.03:043][  0]LogMemory: Memory total: Physical=7.9GB (8GB approx)
[2016.02.23-08.57.03:043][  0]LogMemory: Platform Memory Stats for Windows
[2016.02.23-08.57.03:043][  0]LogMemory: Process Physical Memory: 54.05 MB used, 54.05 MB peak
[2016.02.23-08.57.03:043][  0]LogMemory: Process Virtual Memory: 55.23 MB used, 55.23 MB peak
[2016.02.23-08.57.03:043][  0]LogMemory: Physical Memory: 2470.26 MB used, 8128.42 MB total
[2016.02.23-08.57.03:043][  0]LogMemory: Virtual Memory: 369.30 MB used, 134217728.00 MB total
[2016.02.23-08.57.03:291][  0]LogTextLocalizationManager: No specific translations for ('ko-KR') exist, so ('ko') translations will be used.
[2016.02.23-08.57.03:350][  0]LogTextLocalizationManager:Warning: Loaded localization resources contain conflicting entries for (Namespace:UObjectToolTips, Key:AnimNode_AssetPlayerBase:InternalTimeAccumulator):
Localization Resource: (C:/Program Files (x86)/Epic Games/4.9/Engine/Content/Localization/EditorTutorials/ko/EditorTutorials.locres) Source String Hash: (502993589) Localized String: (이 노드에서 애셋을 레퍼런싱하는 데 사용되는 누적 시간입니다.)
Localization Resource: (C:/Program Files (x86)/Epic Games/4.9/Engine/Content/Localization/Engine/ko/Engine.locres) Source String Hash: (502993589) Localized String: (이 노드에서 애셋을 레퍼런싱하는 데 사용된 누적 시간입니다.)
[2016.02.23-08.57.03:351][  0]LogTextLocalizationManager:Warning: Loaded localization resources contain conflicting entries for (Namespace:UObjectToolTips, Key:AnimNode_AssetPlayerBase:bIgnoreForRelevancyTest):
Localization Resource: (C:/Program Files (x86)/Epic Games/4.9/Engine/Content/Localization/EditorTutorials/ko/EditorTutorials.locres) Source String Hash: (319969718) Localized String: (True 면, 스테이트에서 최고 가중치 애니메이션을 찾는 "Relevant anim" 노드는 이 노드를 무시합니다.
 )
Localization Resource: (C:/Program Files (x86)/Epic Games/4.9/Engine/Content/Localization/Engine/ko/Engine.locres) Source String Hash: (319969718) Localized String: (True 면 스테이트 내 최고 웨이팅된 애니메이션을 찾는 "Relevant anim" 노드가 무시됩니다.
 )
[2016.02.23-08.57.03:351][  0]LogTextLocalizationManager:Warning: Loaded localization resources contain conflicting entries for (Namespace:UObjectToolTips, Key:AnimNode_AssetPlayerBase:BlendWeight):
Localization Resource: (C:/Program Files (x86)/Epic Games/4.9/Engine/Content/Localization/EditorTutorials/ko/EditorTutorials.locres) Source String Hash: (-1232800293) Localized String: (이 노드에 마지막 걸린 블렌드웨이트 입니다.)
Localization Resource: (C:/Program Files (x86)/Epic Games/4.9/Engine/Content/Localization/Engine/ko/Engine.locres) Source String Hash: (-1232800293) Localized String: (이 노드에 대해 마지막 접한 블렌드 웨이트)
[2016.02.23-08.57.03:613][  0]LogD3D11RHI: Found D3D11 adapter 0: NVIDIA GeForce GTX 970 (Feature Level 11_0)
[2016.02.23-08.57.03:613][  0]LogD3D11RHI: Adapter has 4007MB of dedicated video memory, 0MB of dedicated system memory, and 4064MB of shared system memory, 2 output[s]
[2016.02.23-08.57.03:615][  0]LogD3D11RHI: Found D3D11 adapter 1: Microsoft Basic Render Driver (Feature Level 11_0)
[2016.02.23-08.57.03:615][  0]LogD3D11RHI: Adapter has 0MB of dedicated video memory, 0MB of dedicated system memory, and 4064MB of shared system memory, 0 output[s]
[2016.02.23-08.57.03:615][  0]LogD3D11RHI: Chosen D3D11 Adapter Id = 0
[2016.02.23-08.57.03:618][  0]LogD3D11RHI: !Direct3DDevice
[2016.02.23-08.57.03:618][  0]LogRHI: Texture pool is 1361 MB (70% of 1945 MB)
[2016.02.23-08.57.03:630][  0]LogD3D11RHI: Async texture creation enabled
[2016.02.23-08.57.03:644][  0]LogShaderCompilers: Guid format shader working directory is 15 characters bigger than the processId version (../../../../../../Users/Dongryong/Documents/Unreal Projects/sinkhole/Intermediate/Shaders/WorkingDirectory/6752/).
[2016.02.23-08.57.03:644][  0]LogShaderCompilers: Cleaned the shader compiler working directory '../../../../../../Users/Dongryong/Documents/Unreal Projects/sinkhole/Intermediate/Shaders/tmp/BD3F7E9D447DDB62A502CCAE3D2E7FFC/'.
[2016.02.23-08.57.03:644][  0]LogShaderCompilers:Display: Using Local Shader Compiler.
[2016.02.23-08.57.05:488][  0]LogTemp:Display: Loaded TP AllDesktopTargetPlatform
[2016.02.23-08.57.05:495][  0]LogTemp:Display: Loaded TP WindowsClientTargetPlatform
[2016.02.23-08.57.05:502][  0]LogTemp:Display: Loaded TP WindowsNoEditorTargetPlatform
[2016.02.23-08.57.05:510][  0]LogTemp:Display: Loaded TP WindowsServerTargetPlatform
[2016.02.23-08.57.05:517][  0]LogTemp:Display: Loaded TP WindowsTargetPlatform
[2016.02.23-08.57.05:526][  0]LogTemp:Display: Loaded TP AndroidTargetPlatform
[2016.02.23-08.57.05:530][  0]LogTemp:Display: Loaded TP Android_ASTCTargetPlatform
[2016.02.23-08.57.05:534][  0]LogTemp:Display: Loaded TP Android_ATCTargetPlatform
[2016.02.23-08.57.05:538][  0]LogTemp:Display: Loaded TP Android_DXTTargetPlatform
[2016.02.23-08.57.05:543][  0]LogTemp:Display: Loaded TP Android_ETC1TargetPlatform
[2016.02.23-08.57.05:547][  0]LogTemp:Display: Loaded TP Android_ETC2TargetPlatform
[2016.02.23-08.57.05:552][  0]LogTemp:Display: Loaded TP Android_PVRTCTargetPlatform
[2016.02.23-08.57.05:553][  0]LogTemp:Display: Loaded TP HTML5TargetPlatform
[2016.02.23-08.57.05:609][  0]LogTemp:Display: Loaded TP IOSTargetPlatform
[2016.02.23-08.57.05:612][  0]LogTemp:Display: Loaded TP LinuxNoEditorTargetPlatform
[2016.02.23-08.57.05:615][  0]LogTemp:Display: Loaded TP LinuxServerTargetPlatform
[2016.02.23-08.57.05:619][  0]LogTemp:Display: Loaded TP LinuxTargetPlatform
[2016.02.23-08.57.05:620][  0]LogTargetPlatformManager:Display: Building Assets For Windows
[2016.02.23-08.57.05:897][  0]LogDerivedDataCache:Display: Max Cache Size: 512 MB
[2016.02.23-08.57.06:164][  0]LogDerivedDataCache: Loaded boot cache 0.27s 41MB C:/Users/Dongryong/AppData/Local/UnrealEngine/4.9/DerivedDataCache/Boot.ddc.
[2016.02.23-08.57.06:164][  0]LogDerivedDataCache:Display: Loaded Boot cache: C:/Users/Dongryong/AppData/Local/UnrealEngine/4.9/DerivedDataCache/Boot.ddc
[2016.02.23-08.57.06:164][  0]LogDerivedDataCache: FDerivedDataBackendGraph:  Pak pak cache file ../../../../../../Users/Dongryong/Documents/Unreal Projects/sinkhole/DerivedDataCache/DDC.ddp not found, will not use a pak cache.
[2016.02.23-08.57.06:164][  0]LogDerivedDataCache: Unable to find inner node Pak for hierarchical cache Hierarchy.
[2016.02.23-08.57.06:165][  0]LogDerivedDataCache: FDerivedDataBackendGraph:  CompressedPak pak cache file ../../../../../../Users/Dongryong/Documents/Unreal Projects/sinkhole/DerivedDataCache/Compressed.ddp not found, will not use a pak cache.
[2016.02.23-08.57.06:165][  0]LogDerivedDataCache: Unable to find inner node CompressedPak for hierarchical cache Hierarchy.
[2016.02.23-08.57.06:348][  0]LogDerivedDataCache:Display: Pak cache opened for reading ../../../Engine/DerivedDataCache/Compressed.ddp.
[2016.02.23-08.57.06:359][  0]LogDerivedDataCache: Using Local data cache path C:/Users/Dongryong/AppData/Local/UnrealEngine/Common/DerivedDataCache: Writable
[2016.02.23-08.57.09:141][  0]LogInit: Selected Device Profile: [Windows]
[2016.02.23-08.57.09:145][  0]LogContentStreaming: Texture pool size is 0.000000MB
[2016.02.23-08.57.09:254][  0]LogMeshUtilities: No automatic mesh reduction module available
[2016.02.23-08.57.09:254][  0]LogMeshUtilities: No automatic mesh merging module available
[2016.02.23-08.57.09:543][  0]LogInit: WinSock: version 1.1 (2.2), MaxSocks=32767, MaxUdp=65467
[2016.02.23-08.57.11:703][  0]UdpMessaging: Initializing bridge on interface 0.0.0.0:0 to multicast group 230.0.0.1:6666.
[2016.02.23-08.57.11:883][  0]LogAssetRegistry: FAssetRegistry took 0.0109 seconds to start up
[2016.02.23-08.57.12:045][  0]SourceControl: 정보 소스 콘트롤이 꺼졌습니다.
[2016.02.23-08.57.12:045][  0]SourceControl: 정보 소스 콘트롤이 꺼졌습니다.
[2016.02.23-08.57.12:055][  0]SourceControl: 정보 소스 콘트롤이 꺼졌습니다.
[2016.02.23-08.57.12:063][  0]SourceControl: 정보 소스 콘트롤이 꺼졌습니다.
[2016.02.23-08.57.12:219][  0]LogLinker:Warning: Asset '../../../Engine/Plugins/Runtime/LeapMotionController/Content/LM_PassthroughMaterial.uasset' has been saved with empty engine version. The asset will be loaded but may be incompatible.
[2016.02.23-08.57.12:318][  0]LogObj: 28361 objects as part of root set at end of initial load.
[2016.02.23-08.57.12:318][  0]LogUObjectAllocator: 6038872 out of 0 bytes used by permanent object pool.
[2016.02.23-08.57.12:380][  0]LogEngine: Initializing Engine...
[2016.02.23-08.57.12:382][  0]LogHMD: Can't find Oculus library dev build: is proper Runtime installed? Version: 0.7.0.0
[2016.02.23-08.57.12:393][  0]LogHMD: SteamVR failed to initialize.  Err: 110
[2016.02.23-08.57.12:492][  0]LogAIModule: Creating AISystem for world NewWorld
[2016.02.23-08.57.12:501][  0]LogInit: XAudio2 using '헤드폰(High Definition Audio 장치)' : 2 channels at 44.1 kHz using 16 bits per sample (channel mask 0x3)
[2016.02.23-08.57.12:524][  0]LogInit: FAudioDevice initialized.
[2016.02.23-08.57.12:546][  0]LogDerivedDataCache: Saved boot cache 0.02s 41MB C:/Users/Dongryong/AppData/Local/UnrealEngine/4.9/DerivedDataCache/Boot.ddc.
[2016.02.23-08.57.12:551][  0]LogInit: Texture streaming: Enabled
[2016.02.23-08.57.12:555][  0]LogAnalytics: Creating configured Analytics provider AnalyticsET
[2016.02.23-08.57.12:555][  0]LogAnalytics: [UEEditor.Rocket.Release] APIServer = http://et2.epicgames.com/ET2/. AppVersion = 4.9.2-2707645+++depot+UE4-Releases+4.9
[2016.02.23-08.57.12:556][  0]LogAnalytics: [UEEditor.Rocket.Release] SetUserId 97934eac4ce13756478434a4035092bd|ec8005ed97f24ee4b5ae2bc5abfe5161|de49a48b-df9f-4826-ad95-f3e39209a164
[2016.02.23-08.57.12:556][  0]LogAnalytics: [UEEditor.Rocket.Release] AnalyticsET::StartSession
[2016.02.23-08.57.12:653][  0]LogInit: Transaction tracking system initialized
[2016.02.23-08.57.12:769][  0]BlueprintLog: New page: 에디터 로드
[2016.02.23-08.57.12:912][  0]LocalizationService: 정보 현지화 서비스가 비활성화되었습니다.
[2016.02.23-08.57.13:006][  0]LogConsoleResponse:Display: 
[2016.02.23-08.57.13:119][  0]LogCook:Display: Done creating registry. It took  0.00s.
[2016.02.23-08.57.13:195][  0]LogFileCache: Scanning file cache for directory 'C:/Users/Dongryong/Documents/Unreal Projects/sinkhole/Content/' took 0.02s
[2016.02.23-08.57.13:195][  0]SourceControl: 정보 소스 콘트롤이 꺼졌습니다.
[2016.02.23-08.57.13:195][  0]Cmd: MAP LOAD FILE="../../../Engine/Content/Maps/Templates/Template_Default.umap" TEMPLATE=1 SHOWPROGRESS=1 FEATURELEVEL=3
[2016.02.23-08.57.13:198][  0]LightingResults: New page: 라이팅 빌드
[2016.02.23-08.57.13:202][  0]MapCheck: New page: 맵 체크
[2016.02.23-08.57.13:202][  0]LightingResults: New page: 라이팅 빌드
[2016.02.23-08.57.13:212][  0]LogParticles: Destroying 0 GPU particle simulations for FXSystem 0x00000208CE46E3E0
[2016.02.23-08.57.13:755][  0]LogAIModule: Creating AISystem for world Untitled_1
[2016.02.23-08.57.13:763][  0]LogEditorServer: Finished looking for orphan Actors (0.000 secs)
[2016.02.23-08.57.13:768][  0]Cmd: MAP CHECKDEP NOCLEARLOG
[2016.02.23-08.57.13:809][  0]MapCheck: 정보 맵 체크 완료: 오류 0 회, 경고 0 회, 소요 시간 41.119ms.
[2016.02.23-08.57.13:809][  0]LogFileHelpers: Loading map 'Template_Default' took 0.615
[2016.02.23-08.57.13:945][  0]LogCollectionManager: Loaded 0 collections in 0.001776 seconds
[2016.02.23-08.57.13:985][  0]LogFileCache: Scanning file cache for directory 'C:/Users/Dongryong/Documents/Unreal Projects/sinkhole/Saved/Collections/' took 0.01s
[2016.02.23-08.57.13:985][  0]LogFileCache: Scanning file cache for directory 'C:/Users/Dongryong/Documents/Unreal Projects/sinkhole/Content/Developers/Dongryong/Collections/' took 0.01s
[2016.02.23-08.57.13:985][  0]LogFileCache: Scanning file cache for directory 'C:/Users/Dongryong/Documents/Unreal Projects/sinkhole/Content/Collections/' took 0.01s
[2016.02.23-08.57.13:985][  0]LogContentBrowser: Native class hierarchy populated in 0.0057 seconds. Added 1868 classes and 336 folders.
[2016.02.23-08.57.13:995][  0]LogCollectionManager: Rebuilt the GUID cache for 0 collections in 0.000003 seconds
[2016.02.23-08.57.14:002][  0]LogContentBrowser: Native class hierarchy updated for 'WidgetCarousel' in 0.0002 seconds. Added 0 classes and 0 folders.
[2016.02.23-08.57.14:247][  0]LogContentBrowser: Native class hierarchy updated for 'AddContentDialog' in 0.0003 seconds. Added 0 classes and 0 folders.
[2016.02.23-08.57.14:252][  0]LogContentBrowser: Native class hierarchy updated for 'SceneOutliner' in 0.0002 seconds. Added 1 classes and 2 folders.
[2016.02.23-08.57.14:392][  0]LogCrashTracker: Crashtracker disabled due to settings.
[2016.02.23-08.57.14:398][  0]LogUObjectGlobals:Warning: 'Class 없음.' 오브젝트를 찾는 데 실패했습니다.
[2016.02.23-08.57.14:421][  0]LogLoad: Full Startup: 12.32 seconds (BP compile: 0.06 seconds)
[2016.02.23-08.57.14:804][  0]LogContentStreaming: Texture pool size now 1000 MB
[2016.02.23-08.57.14:929][  0]LogRenderer: Reallocating scene render targets to support 1020x704 (Frame:2).
[2016.02.23-08.57.15:165][  3]LogAssetRegistry: Asset discovery search completed in 3.2929 seconds
[2016.02.23-08.57.15:165][  3]LogCollectionManager: Rebuilt the object cache for 0 collections in 0.000001 seconds (found 0 objects)
[2016.02.23-08.57.15:165][  3]LogCollectionManager: Fixed up redirectors for 0 collections in 0.000032 seconds (updated 0 objects)
[2016.02.23-08.57.25:201][520]LogAIModule: Creating AISystem for world EP1
[2016.02.23-08.57.25:308][520]Cmd: MAP LOAD FILE="../../../../../../Users/Dongryong/Documents/Unreal Projects/sinkhole/Content/FirstPersonBP/EP1.umap" TEMPLATE=0 SHOWPROGRESS=1 FEATURELEVEL=3
[2016.02.23-08.57.25:308][520]LightingResults: New page: 라이팅 빌드
[2016.02.23-08.57.25:323][520]LoadErrors: New page: 맵 로드중: EP1.umap
[2016.02.23-08.57.25:324][520]MapCheck: New page: 맵 체크
[2016.02.23-08.57.25:324][520]LightingResults: New page: 라이팅 빌드
[2016.02.23-08.57.25:337][520]LogParticles: Destroying 0 GPU particle simulations for FXSystem 0x00000208C1E7F920
[2016.02.23-08.57.32:144][520]LogEditorServer: Finished looking for orphan Actors (0.000 secs)
[2016.02.23-08.57.32:174][520]Cmd: MAP CHECKDEP NOCLEARLOG
[2016.02.23-08.57.32:334][520]MapCheck: 정보 맵 체크 완료: 오류 0 회, 경고 0 회, 소요 시간 160.193ms.
[2016.02.23-08.57.32:336][520]LogFileHelpers: Loading map 'EP1' took 7.029
[2016.02.23-08.57.32:344][520]LogScript:Warning: Accessed None 'CallFunc_TryGetPawnOwner_ReturnValue'
	Giant_AnimInstence_C /Engine/Transient.CharacterMesh0:Giant_AnimInstence_C_1
	Function /Game/Blueprint/Enemy/Giant/Giant_AnimInstence.Giant_AnimInstence_C:ExecuteUbergraph_Giant_AnimInstence:0257
[2016.02.23-08.57.32:344][520]LogScript:Warning: Accessed None 'CallFunc_TryGetPawnOwner_ReturnValue'
	Giant_AnimInstence_C /Engine/Transient.CharacterMesh0:Giant_AnimInstence_C_1
	Function /Game/Blueprint/Enemy/Giant/Giant_AnimInstence.Giant_AnimInstence_C:ExecuteUbergraph_Giant_AnimInstence:02E7
[2016.02.23-08.57.32:344][520]LogScript:Warning: Accessed None 'CallFunc_TryGetPawnOwner_ReturnValue'
	Giant_AnimInstence_C /Engine/Transient.CharacterMesh0:Giant_AnimInstence_C_1
	Function /Game/Blueprint/Enemy/Giant/Giant_AnimInstence.Giant_AnimInstence_C:ExecuteUbergraph_Giant_AnimInstence:0319
[2016.02.23-08.57.32:344][520]LogScript:Warning: Accessed None 'enemy'
	Giant_AnimInstence_C /Engine/Transient.CharacterMesh0:Giant_AnimInstence_C_1
	Function /Game/Blueprint/Enemy/Giant/Giant_AnimInstence.Giant_AnimInstence_C:ExecuteUbergraph_Giant_AnimInstence:0027
[2016.02.23-08.57.32:344][520]LogScript:Warning: Accessed None 'CallFunc_TryGetPawnOwner_ReturnValue'
	Giant_AnimInstence_C /Engine/Transient.CharacterMesh0:Giant_AnimInstence_C_1
	Function /Game/Blueprint/Enemy/Giant/Giant_AnimInstence.Giant_AnimInstence_C:ExecuteUbergraph_Giant_AnimInstence:0257
[2016.02.23-08.57.32:344][520]LogScript:Warning: Accessed None 'CallFunc_TryGetPawnOwner_ReturnValue'
	Giant_AnimInstence_C /Engine/Transient.CharacterMesh0:Giant_AnimInstence_C_1
	Function /Game/Blueprint/Enemy/Giant/Giant_AnimInstence.Giant_AnimInstence_C:ExecuteUbergraph_Giant_AnimInstence:02E7
[2016.02.23-08.57.32:344][520]LogScript:Warning: Accessed None 'CallFunc_TryGetPawnOwner_ReturnValue'
	Giant_AnimInstence_C /Engine/Transient.CharacterMesh0:Giant_AnimInstence_C_1
	Function /Game/Blueprint/Enemy/Giant/Giant_AnimInstence.Giant_AnimInstence_C:ExecuteUbergraph_Giant_AnimInstence:0319
[2016.02.23-08.57.32:344][520]LogScript:Warning: Accessed None 'enemy'
	Giant_AnimInstence_C /Engine/Transient.CharacterMesh0:Giant_AnimInstence_C_1
	Function /Game/Blueprint/Enemy/Giant/Giant_AnimInstence.Giant_AnimInstence_C:ExecuteUbergraph_Giant_AnimInstence:0027
[2016.02.23-08.57.32:345][520]LogScript:Warning: Accessed None 'CallFunc_TryGetPawnOwner_ReturnValue'
	Bear_AnimInstence_C /Engine/Transient.SkeletalMeshComponent_0:Bear_AnimInstence_C_1
	Function /Game/Blueprint/Enemy/Bear/Bear_AnimInstence.Bear_AnimInstence_C:ExecuteUbergraph_Bear_AnimInstence:008A
[2016.02.23-08.57.32:345][520]LogScript:Warning: Accessed None 'CallFunc_TryGetPawnOwner_ReturnValue'
	Bear_AnimInstence_C /Engine/Transient.SkeletalMeshComponent_0:Bear_AnimInstence_C_1
	Function /Game/Blueprint/Enemy/Bear/Bear_AnimInstence.Bear_AnimInstence_C:ExecuteUbergraph_Bear_AnimInstence:008A
[2016.02.23-08.57.32:403][521]Cmd: UpdateLandscapeEditorData -warnings
[2016.02.23-08.58.22:338][405]LogActorComponent: UnregisterComponent: (/Engine/Transient.CharMoveComp) Not registered. Aborting.
[2016.02.23-08.58.22:338][405]LogActorComponent: UnregisterComponent: (/Engine/Transient.CharacterMovementComponent_0) Not registered. Aborting.
[2016.02.23-08.58.24:513][405]LogSavePackage: Save=28.130245ms
[2016.02.23-08.58.24:513][405]LogSavePackage: Moving '../../../../../../Users/Dongryong/Documents/Unreal Projects/sinkhole/Saved/VolumeAndRefMapD9BCBF194C950A8884A81B91D221FC65.tmp' to '../../../../../../Users/Dongryong/Documents/Unreal Projects/sinkhole/Content/MAPLV/VolumeAndRefMap.umap'
[2016.02.23-08.58.24:516][405]LogSavePackage: Total save time: 31.794768ms
[2016.02.23-08.58.24:516][405]LogSavePackage:Warning: Finished SavePackage ../../../../../../Users/Dongryong/Documents/Unreal Projects/sinkhole/Content/MAPLV/VolumeAndRefMap.umap
[2016.02.23-08.58.24:516][405]LogFileHelpers: Saving map 'VolumeAndRefMap' took 0.222
[2016.02.23-08.58.24:521][405]Cmd: MAP LOAD FILE="../../../../../../Users/Dongryong/Documents/Unreal Projects/sinkhole/Content/MAPLV/BGMap.umap" TEMPLATE=0 SHOWPROGRESS=1 FEATURELEVEL=3
[2016.02.23-08.58.24:521][405]LightingResults: New page: 라이팅 빌드
[2016.02.23-08.58.24:535][405]LoadErrors: New page: 맵 로드중: BGMap.umap
[2016.02.23-08.58.24:552][405]MapCheck: New page: 맵 체크
[2016.02.23-08.58.24:552][405]LightingResults: New page: 라이팅 빌드
[2016.02.23-08.58.24:573][405]LogReferenceChain: Searching referencers for BuildingMap. This may take several minutes.
[2016.02.23-08.58.24:715][405]LogReferenceChain: Generating reference graph ...
[2016.02.23-08.58.24:721][405]LogReferenceChain: Level 0 has 3 nodes ...
[2016.02.23-08.58.24:730][405]LogReferenceChain: Level 1 added 301 nodes ...
[2016.02.23-08.58.24:741][405]LogReferenceChain: Level 2 added 677 nodes ...
[2016.02.23-08.58.24:752][405]LogReferenceChain: Level 3 added 1843 nodes ...
[2016.02.23-08.58.24:764][405]LogReferenceChain: Level 4 added 4704 nodes ...
[2016.02.23-08.58.24:777][405]LogReferenceChain: Level 5 added 5525 nodes ...
[2016.02.23-08.58.24:788][405]LogReferenceChain: Level 6 added 715 nodes ...
[2016.02.23-08.58.24:799][405]LogReferenceChain: Level 7 added 237 nodes ...
[2016.02.23-08.58.24:810][405]LogReferenceChain: Level 8 added 0 nodes ...
[2016.02.23-08.58.24:810][405]LogReferenceChain: Generating reference chains ...
[2016.02.23-08.58.24:810][405]LogReferenceChain:   
[2016.02.23-08.58.24:810][405]LogReferenceChain: External Referencers:
[2016.02.23-08.58.24:810][405]LogReferenceChain:   
[2016.02.23-08.58.24:810][405]LogReferenceChain: (standalone) World /Game/MAPLV/BGMap.BGMap->CurrentLevel
[2016.02.23-08.58.37:035][405]LogReferenceChain:   Level /Game/MAPLV/BGMap.BGMap:PersistentLevel->UE4Editor-Engine.dll!ULevel::AddReferencedObjects() [d:\buildfarm\buildmachine_++depot+ue4-releases+4.9\engine\source\runtime\engine\private\level.cpp:255]
[2016.02.23-08.58.37:035][405]LogReferenceChain:     AbstractNavData /Game/MAPLV/BGMap.BGMap:PersistentLevel.AbstractNavData-Default->CachedWorld
[2016.02.23-08.58.37:035][405]LogReferenceChain:       World /Game/FirstPersonBP/EP1.EP1->Levels
[2016.02.23-08.58.37:035][405]LogReferenceChain:         Level /Game/MAPLV/BuildingMap.BuildingMap:PersistentLevel->Outer
[2016.02.23-08.58.37:035][405]LogReferenceChain:           (target) World /Game/MAPLV/BuildingMap.BuildingMap
[2016.02.23-08.58.37:206][405]LogWindows:Error: Windows GetLastError: 작업을 완료했습니다. (0)
[2016.02.23-08.58.37:678][405]LogCrashTracker: 


[2016.02.23-08.58.37:681][405]LogCrashTracker: 


[2016.02.23-08.58.37:681][405]LogWindows: === Critical error: ===
Fatal error: [File:D:\BuildFarm\buildmachine_++depot+UE4-Releases+4.9\Engine\Source\Editor\UnrealEd\Private\EditorServer.cpp] [Line: 1773] 
/Game/MAPLV/BuildingMap.BuildingMap still around trying to load ../../../../../../Users/Dongryong/Documents/Unreal Projects/sinkhole/Content/MAPLV/BGMap.umap
   (Object is not currently rooted)





[2016.02.23-08.58.37:777][405]LogExit: Executing StaticShutdownAfterError
[2016.02.23-08.58.37:786][405]LogPhysics:Warning: PHYSX: ..\..\PhysX\src\NpScene.cpp (2946) 8 : PxScene::unlockWrite() called without matching call to PxScene::lockWrite(), behaviour will be undefined.
[2016.02.23-08.58.37:786][405]LogPhysics:Warning: PHYSX: ..\..\PhysX\src\NpScene.cpp (2946) 8 : PxScene::unlockWrite() called without matching call to PxScene::lockWrite(), behaviour will be undefined.
[2016.02.23-08.58.37:786][405]LogWindows: FPlatformMisc::RequestExit(1)
[2016.02.23-08.58.37:786][405]Log file closed, 02/23/16 17:58:37
